This file contains any messages produced by compilers while
running configure, to aid debugging if configure makes a mistake.

It was created by univalue configure 1.0.1, which was
generated by GNU Autoconf 2.69.  Invocation command line was

  $ ./configure --disable-option-checking --prefix=/usr/local LDFLAGS=-L/usr/local/db4.8/lib/ -L/usr/local/openssl1.0/lib/ LIBS=-lssl -lcrypto -ldl CPPFLAGS=-I/usr/local/db4.8/include/ -I/usr/local/openssl1.0/include/ --param ggc-min-expand=1 --param ggc-min-heapsize=32768 SSL_LIBS=-L/usr/local/openssl1.0/lib/ SSL_CFLAGS=-I/usr/local/openssl1.0/include/ CRYPTO_LIBS=-L/usr/local/openssl1.0/lib/ CRYPTO_CFLAGS=-I/usr/local/openssl1.0/include/openssl/ --enable-tests=no --disable-shared --enable-static --enable-module-ecdh --enable-experimental --disable-tests --disable-gui-tests --with-miniupnpc --enable-upnp-default --disable-bench --with-gui=qt5 --disable-shared --with-pic --with-bignum=no --enable-module-recovery --cache-file=/dev/null --srcdir=.

## --------- ##
## Platform. ##
## --------- ##

hostname = mint-pc
uname -m = x86_64
uname -r = 5.4.0-72-generic
uname -s = Linux
uname -v = #80-Ubuntu SMP Mon Apr 12 17:35:00 UTC 2021

/usr/bin/uname -p = x86_64
/bin/uname -X     = unknown

/bin/arch              = x86_64
/usr/bin/arch -k       = unknown
/usr/convex/getsysinfo = unknown
/usr/bin/hostinfo      = unknown
/bin/machine           = unknown
/usr/bin/oslevel       = unknown
/bin/universe          = unknown

PATH: /home/mint/.local/bin
PATH: /usr/local/sbin
PATH: /usr/local/bin
PATH: /usr/sbin
PATH: /usr/bin
PATH: /sbin
PATH: /bin
PATH: /usr/games
PATH: /usr/local/games
PATH: /snap/bin


## ----------- ##
## Core tests. ##
## ----------- ##

configure:2282: checking whether make supports nested variables
configure:2299: result: yes
configure:2361: checking for a BSD-compatible install
configure:2429: result: /usr/bin/install -c
configure:2440: checking whether build environment is sane
configure:2495: result: yes
configure:2644: checking for a thread-safe mkdir -p
configure:2683: result: /usr/bin/mkdir -p
configure:2690: checking for gawk
configure:2706: found /usr/bin/gawk
configure:2717: result: gawk
configure:2728: checking whether make sets $(MAKE)
configure:2750: result: yes
configure:2928: checking build system type
configure:2942: result: x86_64-pc-linux-gnu
configure:2962: checking host system type
configure:2975: result: x86_64-pc-linux-gnu
configure:3016: checking how to print strings
configure:3043: result: printf
configure:3076: checking for style of include used by make
configure:3104: result: GNU
configure:3175: checking for gcc
configure:3191: found /usr/bin/gcc
configure:3202: result: gcc
configure:3431: checking for C compiler version
configure:3440: gcc --version >&5
gcc (Ubuntu 9.3.0-17ubuntu1~20.04) 9.3.0
Copyright (C) 2019 Free Software Foundation, Inc.
This is free software; see the source for copying conditions.  There is NO
warranty; not even for MERCHANTABILITY or FITNESS FOR A PARTICULAR PURPOSE.

configure:3451: $? = 0
configure:3440: gcc -v >&5
Using built-in specs.
COLLECT_GCC=gcc
COLLECT_LTO_WRAPPER=/usr/lib/gcc/x86_64-linux-gnu/9/lto-wrapper
OFFLOAD_TARGET_NAMES=nvptx-none:hsa
OFFLOAD_TARGET_DEFAULT=1
Target: x86_64-linux-gnu
Configured with: ../src/configure -v --with-pkgversion='Ubuntu 9.3.0-17ubuntu1~20.04' --with-bugurl=file:///usr/share/doc/gcc-9/README.Bugs --enable-languages=c,ada,c++,go,brig,d,fortran,objc,obj-c++,gm2 --prefix=/usr --with-gcc-major-version-only --program-suffix=-9 --program-prefix=x86_64-linux-gnu- --enable-shared --enable-linker-build-id --libexecdir=/usr/lib --without-included-gettext --enable-threads=posix --libdir=/usr/lib --enable-nls --enable-clocale=gnu --enable-libstdcxx-debug --enable-libstdcxx-time=yes --with-default-libstdcxx-abi=new --enable-gnu-unique-object --disable-vtable-verify --enable-plugin --enable-default-pie --with-system-zlib --with-target-system-zlib=auto --enable-objc-gc=auto --enable-multiarch --disable-werror --with-arch-32=i686 --with-abi=m64 --with-multilib-list=m32,m64,mx32 --enable-multilib --with-tune=generic --enable-offload-targets=nvptx-none=/build/gcc-9-HskZEa/gcc-9-9.3.0/debian/tmp-nvptx/usr,hsa --without-cuda-driver --enable-checking=release --build=x86_64-linux-gnu --host=x86_64-linux-gnu --target=x86_64-linux-gnu
Thread model: posix
gcc version 9.3.0 (Ubuntu 9.3.0-17ubuntu1~20.04) 
configure:3451: $? = 0
configure:3440: gcc -V >&5
gcc: error: unrecognized command line option '-V'
gcc: fatal error: no input files
compilation terminated.
configure:3451: $? = 1
configure:3440: gcc -qversion >&5
gcc: error: unrecognized command line option '-qversion'; did you mean '--version'?
gcc: fatal error: no input files
compilation terminated.
configure:3451: $? = 1
configure:3471: checking whether the C compiler works
configure:3493: gcc  -I/usr/local/db4.8/include/ -I/usr/local/openssl1.0/include/ --param ggc-min-expand=1 --param ggc-min-heapsize=32768 -L/usr/local/db4.8/lib/ -L/usr/local/openssl1.0/lib/ conftest.c -lssl -lcrypto -ldl >&5
configure:3497: $? = 0
configure:3545: result: yes
configure:3548: checking for C compiler default output file name
configure:3550: result: a.out
configure:3556: checking for suffix of executables
configure:3563: gcc -o conftest  -I/usr/local/db4.8/include/ -I/usr/local/openssl1.0/include/ --param ggc-min-expand=1 --param ggc-min-heapsize=32768 -L/usr/local/db4.8/lib/ -L/usr/local/openssl1.0/lib/ conftest.c -lssl -lcrypto -ldl >&5
configure:3567: $? = 0
configure:3589: result: 
configure:3611: checking whether we are cross compiling
configure:3619: gcc -o conftest  -I/usr/local/db4.8/include/ -I/usr/local/openssl1.0/include/ --param ggc-min-expand=1 --param ggc-min-heapsize=32768 -L/usr/local/db4.8/lib/ -L/usr/local/openssl1.0/lib/ conftest.c -lssl -lcrypto -ldl >&5
configure:3623: $? = 0
configure:3630: ./conftest
configure:3634: $? = 0
configure:3622: result: no
configure:3627: checking for suffix of object files
configure:3649: gcc -c  -I/usr/local/db4.8/include/ -I/usr/local/openssl1.0/include/ --param ggc-min-expand=1 --param ggc-min-heapsize=32768 conftest.c >&5
configure:3653: $? = 0
configure:3674: result: o
configure:3678: checking whether we are using the GNU C compiler
configure:3697: gcc -c  -I/usr/local/db4.8/include/ -I/usr/local/openssl1.0/include/ --param ggc-min-expand=1 --param ggc-min-heapsize=32768 conftest.c >&5
configure:3697: $? = 0
configure:3706: result: yes
configure:3715: checking whether gcc accepts -g
configure:3735: gcc -c -g -I/usr/local/db4.8/include/ -I/usr/local/openssl1.0/include/ --param ggc-min-expand=1 --param ggc-min-heapsize=32768 conftest.c >&5
configure:3735: $? = 0
configure:3776: result: yes
configure:3793: checking for gcc option to accept ISO C89
configure:3856: gcc  -c -g -O2 -I/usr/local/db4.8/include/ -I/usr/local/openssl1.0/include/ --param ggc-min-expand=1 --param ggc-min-heapsize=32768 conftest.c >&5
configure:3856: $? = 0
configure:3869: result: none needed
configure:3894: checking whether gcc understands -c and -o together
configure:3916: gcc -c conftest.c -o conftest2.o
configure:3919: $? = 0
configure:3916: gcc -c conftest.c -o conftest2.o
configure:3919: $? = 0
configure:3931: result: yes
configure:3950: checking dependency style of gcc
configure:4061: result: gcc3
configure:4076: checking for a sed that does not truncate output
configure:4140: result: /usr/bin/sed
configure:4158: checking for grep that handles long lines and -e
configure:4216: result: /usr/bin/grep
configure:4221: checking for egrep
configure:4283: result: /usr/bin/grep -E
configure:4288: checking for fgrep
configure:4350: result: /usr/bin/grep -F
configure:4385: checking for ld used by gcc
configure:4452: result: /usr/bin/ld
configure:4459: checking if the linker (/usr/bin/ld) is GNU ld
configure:4474: result: yes
configure:4486: checking for BSD- or MS-compatible name lister (nm)
configure:4540: result: /usr/bin/nm -B
configure:4670: checking the name lister (/usr/bin/nm -B) interface
configure:4677: gcc -c -g -O2 -I/usr/local/db4.8/include/ -I/usr/local/openssl1.0/include/ --param ggc-min-expand=1 --param ggc-min-heapsize=32768 conftest.c >&5
configure:4680: /usr/bin/nm -B "conftest.o"
configure:4683: output
0000000000000000 B some_variable
configure:4684: result: BSD nm
configure:4687: checking whether ln -s works
configure:4691: result: yes
configure:4699: checking the maximum length of command line arguments
configure:4830: result: 1572864
configure:4878: checking how to convert x86_64-pc-linux-gnu file names to x86_64-pc-linux-gnu format
configure:4918: result: func_convert_file_noop
configure:4925: checking how to convert x86_64-pc-linux-gnu file names to toolchain format
configure:4945: result: func_convert_file_noop
configure:4952: checking for /usr/bin/ld option to reload object files
configure:4959: result: -r
configure:5033: checking for objdump
configure:5049: found /usr/bin/objdump
configure:5060: result: objdump
configure:5092: checking how to recognize dependent libraries
configure:5292: result: pass_all
configure:5377: checking for dlltool
configure:5407: result: no
configure:5437: checking how to associate runtime and link libraries
configure:5464: result: printf %s\n
configure:5525: checking for ar
configure:5541: found /usr/bin/ar
configure:5552: result: ar
configure:5589: checking for archiver @FILE support
configure:5606: gcc -c -g -O2 -I/usr/local/db4.8/include/ -I/usr/local/openssl1.0/include/ --param ggc-min-expand=1 --param ggc-min-heapsize=32768 conftest.c >&5
configure:5606: $? = 0
configure:5609: ar cru libconftest.a @conftest.lst >&5
ar: `u' modifier ignored since `D' is the default (see `U')
configure:5612: $? = 0
configure:5617: ar cru libconftest.a @conftest.lst >&5
ar: `u' modifier ignored since `D' is the default (see `U')
ar: conftest.o: No such file or directory
configure:5620: $? = 1
configure:5619: result: @
configure:5677: checking for strip
configure:5693: found /usr/bin/strip
configure:5704: result: strip
configure:5776: checking for ranlib
configure:5792: found /usr/bin/ranlib
configure:5803: result: ranlib
configure:5905: checking command to parse /usr/bin/nm -B output from gcc object
configure:6058: gcc -c -g -O2 -I/usr/local/db4.8/include/ -I/usr/local/openssl1.0/include/ --param ggc-min-expand=1 --param ggc-min-heapsize=32768 conftest.c >&5
configure:6061: $? = 0
configure:6065: /usr/bin/nm -B conftest.o \| sed -n -e 's/^.*[ ]\([ABCDGIRSTW][ABCDGIRSTW]*\)[ ][ ]*\([_A-Za-z][_A-Za-z0-9]*\)$/\1 \2 \2/p' | sed '/ __gnu_lto/d' \> conftest.nm
configure:6068: $? = 0
configure:6134: gcc -o conftest -g -O2 -I/usr/local/db4.8/include/ -I/usr/local/openssl1.0/include/ --param ggc-min-expand=1 --param ggc-min-heapsize=32768 -L/usr/local/db4.8/lib/ -L/usr/local/openssl1.0/lib/ conftest.c conftstm.o >&5
configure:6137: $? = 0
configure:6175: result: ok
configure:6222: checking for sysroot
configure:6252: result: no
configure:6259: checking for a working dd
configure:6297: result: /usr/bin/dd
configure:6301: checking how to truncate binary pipes
configure:6316: result: /usr/bin/dd bs=4096 count=1
configure:6452: gcc -c -g -O2 -I/usr/local/db4.8/include/ -I/usr/local/openssl1.0/include/ --param ggc-min-expand=1 --param ggc-min-heapsize=32768 conftest.c >&5
configure:6455: $? = 0
configure:6645: checking for mt
configure:6661: found /usr/bin/mt
configure:6672: result: mt
configure:6695: checking if mt is a manifest tool
configure:6701: mt '-?'
configure:6709: result: no
configure:7386: checking how to run the C preprocessor
configure:7417: gcc -E -I/usr/local/db4.8/include/ -I/usr/local/openssl1.0/include/ --param ggc-min-expand=1 --param ggc-min-heapsize=32768 conftest.c
configure:7417: $? = 0
configure:7431: gcc -E -I/usr/local/db4.8/include/ -I/usr/local/openssl1.0/include/ --param ggc-min-expand=1 --param ggc-min-heapsize=32768 conftest.c
conftest.c:11:10: fatal error: ac_nonexistent.h: No such file or directory
   11 | #include <ac_nonexistent.h>
      |          ^~~~~~~~~~~~~~~~~~
compilation terminated.
configure:7431: $? = 1
configure: failed program was:
| /* confdefs.h */
| #define PACKAGE_NAME "univalue"
| #define PACKAGE_TARNAME "univalue"
| #define PACKAGE_VERSION "1.0.1"
| #define PACKAGE_STRING "univalue 1.0.1"
| #define PACKAGE_BUGREPORT "http://github.com/jgarzik/univalue/"
| #define PACKAGE_URL ""
| #define PACKAGE "univalue"
| #define VERSION "1.0.1"
| /* end confdefs.h.  */
| #include <ac_nonexistent.h>
configure:7456: result: gcc -E
configure:7476: gcc -E -I/usr/local/db4.8/include/ -I/usr/local/openssl1.0/include/ --param ggc-min-expand=1 --param ggc-min-heapsize=32768 conftest.c
configure:7476: $? = 0
configure:7490: gcc -E -I/usr/local/db4.8/include/ -I/usr/local/openssl1.0/include/ --param ggc-min-expand=1 --param ggc-min-heapsize=32768 conftest.c
conftest.c:11:10: fatal error: ac_nonexistent.h: No such file or directory
   11 | #include <ac_nonexistent.h>
      |          ^~~~~~~~~~~~~~~~~~
compilation terminated.
configure:7490: $? = 1
configure: failed program was:
| /* confdefs.h */
| #define PACKAGE_NAME "univalue"
| #define PACKAGE_TARNAME "univalue"
| #define PACKAGE_VERSION "1.0.1"
| #define PACKAGE_STRING "univalue 1.0.1"
| #define PACKAGE_BUGREPORT "http://github.com/jgarzik/univalue/"
| #define PACKAGE_URL ""
| #define PACKAGE "univalue"
| #define VERSION "1.0.1"
| /* end confdefs.h.  */
| #include <ac_nonexistent.h>
configure:7519: checking for ANSI C header files
configure:7539: gcc -c -g -O2 -I/usr/local/db4.8/include/ -I/usr/local/openssl1.0/include/ --param ggc-min-expand=1 --param ggc-min-heapsize=32768 conftest.c >&5
configure:7539: $? = 0
configure:7612: gcc -o conftest -g -O2 -I/usr/local/db4.8/include/ -I/usr/local/openssl1.0/include/ --param ggc-min-expand=1 --param ggc-min-heapsize=32768 -L/usr/local/db4.8/lib/ -L/usr/local/openssl1.0/lib/ conftest.c -lssl -lcrypto -ldl >&5
configure:7612: $? = 0
configure:7612: ./conftest
configure:7612: $? = 0
configure:7623: result: yes
configure:7636: checking for sys/types.h
configure:7636: gcc -c -g -O2 -I/usr/local/db4.8/include/ -I/usr/local/openssl1.0/include/ --param ggc-min-expand=1 --param ggc-min-heapsize=32768 conftest.c >&5
configure:7636: $? = 0
configure:7636: result: yes
configure:7636: checking for sys/stat.h
configure:7636: gcc -c -g -O2 -I/usr/local/db4.8/include/ -I/usr/local/openssl1.0/include/ --param ggc-min-expand=1 --param ggc-min-heapsize=32768 conftest.c >&5
configure:7636: $? = 0
configure:7636: result: yes
configure:7636: checking for stdlib.h
configure:7636: gcc -c -g -O2 -I/usr/local/db4.8/include/ -I/usr/local/openssl1.0/include/ --param ggc-min-expand=1 --param ggc-min-heapsize=32768 conftest.c >&5
configure:7636: $? = 0
configure:7636: result: yes
configure:7636: checking for string.h
configure:7636: gcc -c -g -O2 -I/usr/local/db4.8/include/ -I/usr/local/openssl1.0/include/ --param ggc-min-expand=1 --param ggc-min-heapsize=32768 conftest.c >&5
configure:7636: $? = 0
configure:7636: result: yes
configure:7636: checking for memory.h
configure:7636: gcc -c -g -O2 -I/usr/local/db4.8/include/ -I/usr/local/openssl1.0/include/ --param ggc-min-expand=1 --param ggc-min-heapsize=32768 conftest.c >&5
configure:7636: $? = 0
configure:7636: result: yes
configure:7636: checking for strings.h
configure:7636: gcc -c -g -O2 -I/usr/local/db4.8/include/ -I/usr/local/openssl1.0/include/ --param ggc-min-expand=1 --param ggc-min-heapsize=32768 conftest.c >&5
configure:7636: $? = 0
configure:7636: result: yes
configure:7636: checking for inttypes.h
configure:7636: gcc -c -g -O2 -I/usr/local/db4.8/include/ -I/usr/local/openssl1.0/include/ --param ggc-min-expand=1 --param ggc-min-heapsize=32768 conftest.c >&5
configure:7636: $? = 0
configure:7636: result: yes
configure:7636: checking for stdint.h
configure:7636: gcc -c -g -O2 -I/usr/local/db4.8/include/ -I/usr/local/openssl1.0/include/ --param ggc-min-expand=1 --param ggc-min-heapsize=32768 conftest.c >&5
configure:7636: $? = 0
configure:7636: result: yes
configure:7636: checking for unistd.h
configure:7636: gcc -c -g -O2 -I/usr/local/db4.8/include/ -I/usr/local/openssl1.0/include/ --param ggc-min-expand=1 --param ggc-min-heapsize=32768 conftest.c >&5
configure:7636: $? = 0
configure:7636: result: yes
configure:7650: checking for dlfcn.h
configure:7650: gcc -c -g -O2 -I/usr/local/db4.8/include/ -I/usr/local/openssl1.0/include/ --param ggc-min-expand=1 --param ggc-min-heapsize=32768 conftest.c >&5
configure:7650: $? = 0
configure:7650: result: yes
configure:7906: checking for objdir
configure:7921: result: .libs
configure:8185: checking if gcc supports -fno-rtti -fno-exceptions
configure:8203: gcc -c -g -O2 -I/usr/local/db4.8/include/ -I/usr/local/openssl1.0/include/ --param ggc-min-expand=1 --param ggc-min-heapsize=32768 -fno-rtti -fno-exceptions conftest.c >&5
cc1: warning: command line option '-fno-rtti' is valid for C++/D/ObjC++ but not for C
configure:8207: $? = 0
configure:8220: result: no
configure:8578: checking for gcc option to produce PIC
configure:8585: result: -fPIC -DPIC
configure:8593: checking if gcc PIC flag -fPIC -DPIC works
configure:8611: gcc -c -g -O2 -I/usr/local/db4.8/include/ -I/usr/local/openssl1.0/include/ --param ggc-min-expand=1 --param ggc-min-heapsize=32768 -fPIC -DPIC -DPIC conftest.c >&5
configure:8615: $? = 0
configure:8628: result: yes
configure:8657: checking if gcc static flag -static works
configure:8685: result: yes
configure:8700: checking if gcc supports -c -o file.o
configure:8721: gcc -c -g -O2 -I/usr/local/db4.8/include/ -I/usr/local/openssl1.0/include/ --param ggc-min-expand=1 --param ggc-min-heapsize=32768 -o out/conftest2.o conftest.c >&5
configure:8725: $? = 0
configure:8747: result: yes
configure:8755: checking if gcc supports -c -o file.o
configure:8802: result: yes
configure:8835: checking whether the gcc linker (/usr/bin/ld -m elf_x86_64) supports shared libraries
configure:10098: result: yes
configure:10338: checking dynamic linker characteristics
configure:10919: gcc -o conftest -g -O2 -I/usr/local/db4.8/include/ -I/usr/local/openssl1.0/include/ --param ggc-min-expand=1 --param ggc-min-heapsize=32768 -L/usr/local/db4.8/lib/ -L/usr/local/openssl1.0/lib/ -Wl,-rpath -Wl,/foo conftest.c -lssl -lcrypto -ldl >&5
configure:10919: $? = 0
configure:11168: result: GNU/Linux ld.so
configure:11290: checking how to hardcode library paths into programs
configure:11315: result: immediate
configure:11863: checking whether stripping libraries is possible
configure:11868: result: yes
configure:11903: checking if libtool supports shared libraries
configure:11905: result: yes
configure:11908: checking whether to build shared libraries
configure:11933: result: no
configure:11936: checking whether to build static libraries
configure:11940: result: yes
configure:8811: checking for g++
configure:8827: found /usr/bin/g++
configure:8838: result: g++
configure:8865: checking for C++ compiler version
configure:8874: g++ --version >&5
g++ (Ubuntu 9.3.0-17ubuntu1~20.04) 9.3.0
Copyright (C) 2019 Free Software Foundation, Inc.
This is free software; see the source for copying conditions.  There is NO
warranty; not even for MERCHANTABILITY or FITNESS FOR A PARTICULAR PURPOSE.

configure:8885: $? = 0
configure:8874: g++ -v >&5
Using built-in specs.
COLLECT_GCC=g++
COLLECT_LTO_WRAPPER=/usr/lib/gcc/x86_64-linux-gnu/9/lto-wrapper
OFFLOAD_TARGET_NAMES=nvptx-none:hsa
OFFLOAD_TARGET_DEFAULT=1
Target: x86_64-linux-gnu
Configured with: ../src/configure -v --with-pkgversion='Ubuntu 9.3.0-17ubuntu1~20.04' --with-bugurl=file:///usr/share/doc/gcc-9/README.Bugs --enable-languages=c,ada,c++,go,brig,d,fortran,objc,obj-c++,gm2 --prefix=/usr --with-gcc-major-version-only --program-suffix=-9 --program-prefix=x86_64-linux-gnu- --enable-shared --enable-linker-build-id --libexecdir=/usr/lib --without-included-gettext --enable-threads=posix --libdir=/usr/lib --enable-nls --enable-clocale=gnu --enable-libstdcxx-debug --enable-libstdcxx-time=yes --with-default-libstdcxx-abi=new --enable-gnu-unique-object --disable-vtable-verify --enable-plugin --enable-default-pie --with-system-zlib --with-target-system-zlib=auto --enable-objc-gc=auto --enable-multiarch --disable-werror --with-arch-32=i686 --with-abi=m64 --with-multilib-list=m32,m64,mx32 --enable-multilib --with-tune=generic --enable-offload-targets=nvptx-none=/build/gcc-9-HskZEa/gcc-9-9.3.0/debian/tmp-nvptx/usr,hsa --without-cuda-driver --enable-checking=release --build=x86_64-linux-gnu --host=x86_64-linux-gnu --target=x86_64-linux-gnu
Thread model: posix
gcc version 9.3.0 (Ubuntu 9.3.0-17ubuntu1~20.04) 
configure:8885: $? = 0
configure:8874: g++ -V >&5
g++: error: unrecognized command line option '-V'
g++: fatal error: no input files
compilation terminated.
configure:8885: $? = 1
configure:8874: g++ -qversion >&5
g++: error: unrecognized command line option '-qversion'; did you mean '--version'?
g++: fatal error: no input files
compilation terminated.
configure:8885: $? = 1
configure:8889: checking whether we are using the GNU C++ compiler
configure:8908: g++ -c  -I/usr/local/db4.8/include/ -I/usr/local/openssl1.0/include/ --param ggc-min-expand=1 --param ggc-min-heapsize=32768 conftest.cpp >&5
configure:8908: $? = 0
configure:8917: result: yes
configure:8926: checking whether g++ accepts -g
configure:8946: g++ -c -g -I/usr/local/db4.8/include/ -I/usr/local/openssl1.0/include/ --param ggc-min-expand=1 --param ggc-min-heapsize=32768 conftest.cpp >&5
configure:8946: $? = 0
configure:8987: result: yes
configure:9012: checking dependency style of g++
configure:9123: result: gcc3
configure:9157: checking how to run the C++ preprocessor
configure:9184: g++ -E -I/usr/local/db4.8/include/ -I/usr/local/openssl1.0/include/ --param ggc-min-expand=1 --param ggc-min-heapsize=32768 conftest.cpp
configure:9184: $? = 0
configure:9198: g++ -E -I/usr/local/db4.8/include/ -I/usr/local/openssl1.0/include/ --param ggc-min-expand=1 --param ggc-min-heapsize=32768 conftest.cpp
conftest.cpp:23:10: fatal error: ac_nonexistent.h: No such file or directory
   23 | #include <ac_nonexistent.h>
      |          ^~~~~~~~~~~~~~~~~~
compilation terminated.
configure:9198: $? = 1
configure: failed program was:
| /* confdefs.h */
| #define PACKAGE_NAME "univalue"
| #define PACKAGE_TARNAME "univalue"
| #define PACKAGE_VERSION "1.0.1"
| #define PACKAGE_STRING "univalue 1.0.1"
| #define PACKAGE_BUGREPORT "http://github.com/jgarzik/univalue/"
| #define PACKAGE_URL ""
| #define PACKAGE "univalue"
| #define VERSION "1.0.1"
| #define STDC_HEADERS 1
| #define HAVE_SYS_TYPES_H 1
| #define HAVE_SYS_STAT_H 1
| #define HAVE_STDLIB_H 1
| #define HAVE_STRING_H 1
| #define HAVE_MEMORY_H 1
| #define HAVE_STRINGS_H 1
| #define HAVE_INTTYPES_H 1
| #define HAVE_STDINT_H 1
| #define HAVE_UNISTD_H 1
| #define HAVE_DLFCN_H 1
| #define LT_OBJDIR ".libs/"
| /* end confdefs.h.  */
| #include <ac_nonexistent.h>
configure:9223: result: g++ -E
configure:9243: g++ -E -I/usr/local/db4.8/include/ -I/usr/local/openssl1.0/include/ --param ggc-min-expand=1 --param ggc-min-heapsize=32768 conftest.cpp
configure:9243: $? = 0
configure:9257: g++ -E -I/usr/local/db4.8/include/ -I/usr/local/openssl1.0/include/ --param ggc-min-expand=1 --param ggc-min-heapsize=32768 conftest.cpp
conftest.cpp:23:10: fatal error: ac_nonexistent.h: No such file or directory
   23 | #include <ac_nonexistent.h>
      |          ^~~~~~~~~~~~~~~~~~
compilation terminated.
configure:9257: $? = 1
configure: failed program was:
| /* confdefs.h */
| #define PACKAGE_NAME "univalue"
| #define PACKAGE_TARNAME "univalue"
| #define PACKAGE_VERSION "1.0.1"
| #define PACKAGE_STRING "univalue 1.0.1"
| #define PACKAGE_BUGREPORT "http://github.com/jgarzik/univalue/"
| #define PACKAGE_URL ""
| #define PACKAGE "univalue"
| #define VERSION "1.0.1"
| #define STDC_HEADERS 1
| #define HAVE_SYS_TYPES_H 1
| #define HAVE_SYS_STAT_H 1
| #define HAVE_STDLIB_H 1
| #define HAVE_STRING_H 1
| #define HAVE_MEMORY_H 1
| #define HAVE_STRINGS_H 1
| #define HAVE_INTTYPES_H 1
| #define HAVE_STDINT_H 1
| #define HAVE_UNISTD_H 1
| #define HAVE_DLFCN_H 1
| #define LT_OBJDIR ".libs/"
| /* end confdefs.h.  */
| #include <ac_nonexistent.h>
configure:9419: checking for ld used by g++
configure:9486: result: /usr/bin/ld -m elf_x86_64
configure:9493: checking if the linker (/usr/bin/ld -m elf_x86_64) is GNU ld
configure:9508: result: yes
configure:9563: checking whether the g++ linker (/usr/bin/ld -m elf_x86_64) supports shared libraries
configure:10636: result: yes
configure:10672: g++ -c -g -O2 -I/usr/local/db4.8/include/ -I/usr/local/openssl1.0/include/ --param ggc-min-expand=1 --param ggc-min-heapsize=32768 conftest.cpp >&5
configure:10675: $? = 0
configure:11156: checking for g++ option to produce PIC
configure:11163: result: -fPIC -DPIC
configure:11171: checking if g++ PIC flag -fPIC -DPIC works
configure:11189: g++ -c -g -O2 -I/usr/local/db4.8/include/ -I/usr/local/openssl1.0/include/ --param ggc-min-expand=1 --param ggc-min-heapsize=32768 -fPIC -DPIC -DPIC conftest.cpp >&5
configure:11193: $? = 0
configure:11206: result: yes
configure:11229: checking if g++ static flag -static works
configure:11257: result: yes
configure:11269: checking if g++ supports -c -o file.o
configure:11290: g++ -c -g -O2 -I/usr/local/db4.8/include/ -I/usr/local/openssl1.0/include/ --param ggc-min-expand=1 --param ggc-min-heapsize=32768 -o out/conftest2.o conftest.cpp >&5
configure:11294: $? = 0
configure:11316: result: yes
configure:11321: checking if g++ supports -c -o file.o
configure:11368: result: yes
configure:11398: checking whether the g++ linker (/usr/bin/ld -m elf_x86_64) supports shared libraries
configure:11441: result: yes
configure:11582: checking dynamic linker characteristics
configure:12339: result: GNU/Linux ld.so
configure:12404: checking how to hardcode library paths into programs
configure:12429: result: immediate
configure:11420: checking that generated files are newer than configure
configure:11426: result: done
configure:11453: creating ./config.status

## ---------------------- ##
## Running config.status. ##
## ---------------------- ##

This file was extended by univalue config.status 1.0.1, which was
generated by GNU Autoconf 2.69.  Invocation command line was

  CONFIG_FILES    = 
  CONFIG_HEADERS  = 
  CONFIG_LINKS    = 
  CONFIG_COMMANDS = 
  $ ./config.status 

on mint-pc

config.status:1150: creating Makefile
config.status:1150: creating pc/libunivalue.pc
config.status:1150: creating pc/libunivalue-uninstalled.pc
config.status:1150: creating univalue-config.h
config.status:1331: univalue-config.h is unchanged
config.status:1379: executing depfiles commands
config.status:1379: executing libtool commands

## ---------------- ##
## Cache variables. ##
## ---------------- ##

ac_cv_build=x86_64-pc-linux-gnu
ac_cv_c_compiler_gnu=yes
ac_cv_cxx_compiler_gnu=yes
ac_cv_env_CCC_set=
ac_cv_env_CCC_value=
ac_cv_env_CC_set=
ac_cv_env_CC_value=
ac_cv_env_CFLAGS_set=
ac_cv_env_CFLAGS_value=
ac_cv_env_CPPFLAGS_set=set
ac_cv_env_CPPFLAGS_value='-I/usr/local/db4.8/include/ -I/usr/local/openssl1.0/include/ --param ggc-min-expand=1 --param ggc-min-heapsize=32768'
ac_cv_env_CPP_set=
ac_cv_env_CPP_value=
ac_cv_env_CXXCPP_set=
ac_cv_env_CXXCPP_value=
ac_cv_env_CXXFLAGS_set=
ac_cv_env_CXXFLAGS_value=
ac_cv_env_CXX_set=
ac_cv_env_CXX_value=
ac_cv_env_LDFLAGS_set=set
ac_cv_env_LDFLAGS_value='-L/usr/local/db4.8/lib/ -L/usr/local/openssl1.0/lib/'
ac_cv_env_LIBS_set=set
ac_cv_env_LIBS_value='-lssl -lcrypto -ldl'
ac_cv_env_LT_SYS_LIBRARY_PATH_set=
ac_cv_env_LT_SYS_LIBRARY_PATH_value=
ac_cv_env_build_alias_set=
ac_cv_env_build_alias_value=
ac_cv_env_host_alias_set=
ac_cv_env_host_alias_value=
ac_cv_env_target_alias_set=
ac_cv_env_target_alias_value=
ac_cv_header_dlfcn_h=yes
ac_cv_header_inttypes_h=yes
ac_cv_header_memory_h=yes
ac_cv_header_stdc=yes
ac_cv_header_stdint_h=yes
ac_cv_header_stdlib_h=yes
ac_cv_header_string_h=yes
ac_cv_header_strings_h=yes
ac_cv_header_sys_stat_h=yes
ac_cv_header_sys_types_h=yes
ac_cv_header_unistd_h=yes
ac_cv_host=x86_64-pc-linux-gnu
ac_cv_objext=o
ac_cv_path_EGREP='/usr/bin/grep -E'
ac_cv_path_FGREP='/usr/bin/grep -F'
ac_cv_path_GREP=/usr/bin/grep
ac_cv_path_SED=/usr/bin/sed
ac_cv_path_install='/usr/bin/install -c'
ac_cv_path_lt_DD=/usr/bin/dd
ac_cv_path_mkdir=/usr/bin/mkdir
ac_cv_prog_AWK=gawk
ac_cv_prog_CPP='gcc -E'
ac_cv_prog_CXXCPP='g++ -E'
ac_cv_prog_ac_ct_AR=ar
ac_cv_prog_ac_ct_CC=gcc
ac_cv_prog_ac_ct_CXX=g++
ac_cv_prog_ac_ct_MANIFEST_TOOL=mt
ac_cv_prog_ac_ct_OBJDUMP=objdump
ac_cv_prog_ac_ct_RANLIB=ranlib
ac_cv_prog_ac_ct_STRIP=strip
ac_cv_prog_cc_c89=
ac_cv_prog_cc_g=yes
ac_cv_prog_cxx_g=yes
ac_cv_prog_make_make_set=yes
am_cv_CC_dependencies_compiler_type=gcc3
am_cv_CXX_dependencies_compiler_type=gcc3
am_cv_make_support_nested_variables=yes
am_cv_prog_cc_c_o=yes
lt_cv_ar_at_file=@
lt_cv_deplibs_check_method=pass_all
lt_cv_file_magic_cmd='$MAGIC_CMD'
lt_cv_file_magic_test_file=
lt_cv_ld_reload_flag=-r
lt_cv_nm_interface='BSD nm'
lt_cv_objdir=.libs
lt_cv_path_LD=/usr/bin/ld
lt_cv_path_LDCXX='/usr/bin/ld -m elf_x86_64'
lt_cv_path_NM='/usr/bin/nm -B'
lt_cv_path_mainfest_tool=no
lt_cv_prog_compiler_c_o=yes
lt_cv_prog_compiler_c_o_CXX=yes
lt_cv_prog_compiler_pic='-fPIC -DPIC'
lt_cv_prog_compiler_pic_CXX='-fPIC -DPIC'
lt_cv_prog_compiler_pic_works=yes
lt_cv_prog_compiler_pic_works_CXX=yes
lt_cv_prog_compiler_rtti_exceptions=no
lt_cv_prog_compiler_static_works=yes
lt_cv_prog_compiler_static_works_CXX=yes
lt_cv_prog_gnu_ld=yes
lt_cv_prog_gnu_ldcxx=yes
lt_cv_sharedlib_from_linklib_cmd='printf %s\n'
lt_cv_shlibpath_overrides_runpath=yes
lt_cv_sys_global_symbol_pipe='sed -n -e '\''s/^.*[	 ]\([ABCDGIRSTW][ABCDGIRSTW]*\)[	 ][	 ]*\([_A-Za-z][_A-Za-z0-9]*\)$/\1 \2 \2/p'\'' | sed '\''/ __gnu_lto/d'\'''
lt_cv_sys_global_symbol_to_c_name_address='sed -n -e '\''s/^: \(.*\) .*$/  {"\1", (void *) 0},/p'\'' -e '\''s/^[ABCDGIRSTW][ABCDGIRSTW]* .* \(.*\)$/  {"\1", (void *) \&\1},/p'\'''
lt_cv_sys_global_symbol_to_c_name_address_lib_prefix='sed -n -e '\''s/^: \(.*\) .*$/  {"\1", (void *) 0},/p'\'' -e '\''s/^[ABCDGIRSTW][ABCDGIRSTW]* .* \(lib.*\)$/  {"\1", (void *) \&\1},/p'\'' -e '\''s/^[ABCDGIRSTW][ABCDGIRSTW]* .* \(.*\)$/  {"lib\1", (void *) \&\1},/p'\'''
lt_cv_sys_global_symbol_to_cdecl='sed -n -e '\''s/^T .* \(.*\)$/extern int \1();/p'\'' -e '\''s/^[ABCDGIRSTW][ABCDGIRSTW]* .* \(.*\)$/extern char \1;/p'\'''
lt_cv_sys_global_symbol_to_import=
lt_cv_sys_max_cmd_len=1572864
lt_cv_to_host_file_cmd=func_convert_file_noop
lt_cv_to_tool_file_cmd=func_convert_file_noop
lt_cv_truncate_bin='/usr/bin/dd bs=4096 count=1'

## ----------------- ##
## Output variables. ##
## ----------------- ##

ACLOCAL='${SHELL} /home/mint/Work/longcoin/longcoin-src/src/univalue/build-aux/missing aclocal-1.15'
AMDEPBACKSLASH='\'
AMDEP_FALSE='#'
AMDEP_TRUE=''
AMTAR='$${TAR-tar}'
AM_BACKSLASH='\'
AM_DEFAULT_V='$(AM_DEFAULT_VERBOSITY)'
AM_DEFAULT_VERBOSITY='0'
AM_V='$(V)'
AR='ar'
AUTOCONF='${SHELL} /home/mint/Work/longcoin/longcoin-src/src/univalue/build-aux/missing autoconf'
AUTOHEADER='${SHELL} /home/mint/Work/longcoin/longcoin-src/src/univalue/build-aux/missing autoheader'
AUTOMAKE='${SHELL} /home/mint/Work/longcoin/longcoin-src/src/univalue/build-aux/missing automake-1.15'
AWK='gawk'
BUILD_EXEEXT=''
CC='gcc'
CCDEPMODE='depmode=gcc3'
CFLAGS='-g -O2'
CPP='gcc -E'
CPPFLAGS='-I/usr/local/db4.8/include/ -I/usr/local/openssl1.0/include/ --param ggc-min-expand=1 --param ggc-min-heapsize=32768'
CXX='g++'
CXXCPP='g++ -E'
CXXDEPMODE='depmode=gcc3'
CXXFLAGS='-g -O2'
CYGPATH_W='echo'
DEFS='-DHAVE_CONFIG_H'
DEPDIR='.deps'
DLLTOOL='false'
DSYMUTIL=''
DUMPBIN=''
ECHO_C=''
ECHO_N='-n'
ECHO_T=''
EGREP='/usr/bin/grep -E'
EXEEXT=''
FGREP='/usr/bin/grep -F'
GREP='/usr/bin/grep'
INSTALL_DATA='${INSTALL} -m 644'
INSTALL_PROGRAM='${INSTALL}'
INSTALL_SCRIPT='${INSTALL}'
INSTALL_STRIP_PROGRAM='$(install_sh) -c -s'
LD='/usr/bin/ld -m elf_x86_64'
LDFLAGS='-L/usr/local/db4.8/lib/ -L/usr/local/openssl1.0/lib/'
LIBOBJS=''
LIBS='-lssl -lcrypto -ldl'
LIBTOOL='$(SHELL) $(top_builddir)/libtool'
LIBTOOL_APP_LDFLAGS=''
LIBUNIVALUE_AGE='100'
LIBUNIVALUE_CURRENT='100'
LIBUNIVALUE_REVISION='1'
LIPO=''
LN_S='ln -s'
LTLIBOBJS=''
LT_SYS_LIBRARY_PATH=''
MAKEINFO='${SHELL} /home/mint/Work/longcoin/longcoin-src/src/univalue/build-aux/missing makeinfo'
MANIFEST_TOOL=':'
MKDIR_P='/usr/bin/mkdir -p'
NM='/usr/bin/nm -B'
NMEDIT=''
OBJDUMP='objdump'
OBJEXT='o'
OTOOL64=''
OTOOL=''
PACKAGE='univalue'
PACKAGE_BUGREPORT='http://github.com/jgarzik/univalue/'
PACKAGE_NAME='univalue'
PACKAGE_STRING='univalue 1.0.1'
PACKAGE_TARNAME='univalue'
PACKAGE_URL=''
PACKAGE_VERSION='1.0.1'
PATH_SEPARATOR=':'
RANLIB='ranlib'
SED='/usr/bin/sed'
SET_MAKE=''
SHELL='/bin/bash'
STRIP='strip'
VERSION='1.0.1'
ac_ct_AR='ar'
ac_ct_CC='gcc'
ac_ct_CXX='g++'
ac_ct_DUMPBIN=''
am__EXEEXT_FALSE=''
am__EXEEXT_TRUE='#'
am__fastdepCC_FALSE='#'
am__fastdepCC_TRUE=''
am__fastdepCXX_FALSE='#'
am__fastdepCXX_TRUE=''
am__include='include'
am__isrc=''
am__leading_dot='.'
am__nodep='_no'
am__quote=''
am__tar='$${TAR-tar} chof - "$$tardir"'
am__untar='$${TAR-tar} xf -'
bindir='${exec_prefix}/bin'
build='x86_64-pc-linux-gnu'
build_alias=''
build_cpu='x86_64'
build_os='linux-gnu'
build_vendor='pc'
datadir='${datarootdir}'
datarootdir='${prefix}/share'
docdir='${datarootdir}/doc/${PACKAGE_TARNAME}'
dvidir='${docdir}'
exec_prefix='${prefix}'
host='x86_64-pc-linux-gnu'
host_alias=''
host_cpu='x86_64'
host_os='linux-gnu'
host_vendor='pc'
htmldir='${docdir}'
includedir='${prefix}/include'
infodir='${datarootdir}/info'
install_sh='${SHELL} /home/mint/Work/longcoin/longcoin-src/src/univalue/build-aux/install-sh'
libdir='${exec_prefix}/lib'
libexecdir='${exec_prefix}/libexec'
localedir='${datarootdir}/locale'
localstatedir='${prefix}/var'
mandir='${datarootdir}/man'
mkdir_p='$(MKDIR_P)'
oldincludedir='/usr/include'
pdfdir='${docdir}'
prefix='/usr/local'
program_transform_name='s,x,x,'
psdir='${docdir}'
runstatedir='${localstatedir}/run'
sbindir='${exec_prefix}/sbin'
sharedstatedir='${prefix}/com'
sysconfdir='${prefix}/etc'
target_alias=''

## ----------- ##
## confdefs.h. ##
## ----------- ##

/* confdefs.h */
#define PACKAGE_NAME "univalue"
#define PACKAGE_TARNAME "univalue"
#define PACKAGE_VERSION "1.0.1"
#define PACKAGE_STRING "univalue 1.0.1"
#define PACKAGE_BUGREPORT "http://github.com/jgarzik/univalue/"
#define PACKAGE_URL ""
#define PACKAGE "univalue"
#define VERSION "1.0.1"
#define STDC_HEADERS 1
#define HAVE_SYS_TYPES_H 1
#define HAVE_SYS_STAT_H 1
#define HAVE_STDLIB_H 1
#define HAVE_STRING_H 1
#define HAVE_MEMORY_H 1
#define HAVE_STRINGS_H 1
#define HAVE_INTTYPES_H 1
#define HAVE_STDINT_H 1
#define HAVE_UNISTD_H 1
#define HAVE_DLFCN_H 1
#define LT_OBJDIR ".libs/"

configure: exit 0
