This file contains any messages produced by compilers while
running configure, to aid debugging if configure makes a mistake.

It was created by libsecp256k1 configure 0.1, which was
generated by GNU Autoconf 2.69.  Invocation command line was

  $ ./configure --disable-option-checking --prefix=/home/mint/workspace/longcoin/longcoin-src/depends/i686-w64-mingw32 LDFLAGS=-L/usr/local/db4.8/lib/ CPPFLAGS=-I/usr/local/db4.8/include/ CXXFLAGS=--param ggc-min-expand=1 --param ggc-min-heapsize=32768 --enable-tests=no --disable-shared --enable-module-ecdh --enable-experimental --disable-tests --disable-gui-tests --with-miniupnpc --enable-upnp-default --disable-bench --with-gui=qt5 --disable-shared --with-pic --with-bignum=no --enable-module-recovery --cache-file=/dev/null --srcdir=.

## --------- ##
## Platform. ##
## --------- ##

hostname = mint-pc
uname -m = x86_64
uname -r = 4.4.0-131-generic
uname -s = Linux
uname -v = #157~14.04.1-Ubuntu SMP Fri Jul 13 08:53:17 UTC 2018

/usr/bin/uname -p = unknown
/bin/uname -X     = unknown

/bin/arch              = unknown
/usr/bin/arch -k       = unknown
/usr/convex/getsysinfo = unknown
/usr/bin/hostinfo      = unknown
/bin/machine           = unknown
/usr/bin/oslevel       = unknown
/bin/universe          = unknown

PATH: /home/mint/workspace/longcoin/longcoin-src/depends/i686-w64-mingw32/native/bin
PATH: /home/mint/bin
PATH: /usr/local/sbin
PATH: /usr/local/bin
PATH: /usr/sbin
PATH: /usr/bin
PATH: /sbin
PATH: /bin
PATH: /usr/games
PATH: /usr/local/games
PATH: /snap/bin
PATH: /usr/lib/jvm/java-8-openjdk-amd64/bin
PATH: /usr/lib/jvm/java-8-openjdk-amd64/db/bin
PATH: /usr/lib/jvm/java-8-openjdk-amd64/jre/bin


## ----------- ##
## Core tests. ##
## ----------- ##

configure:2259: loading site script /home/mint/workspace/longcoin/longcoin-src/depends/i686-w64-mingw32/share/config.site
| cross_compiling=maybe
| host_alias=i686-w64-mingw32
| ac_tool_prefix=${host_alias}-
| 
| if test -z $with_boost; then
|   with_boost=$prefix
| fi
| if test -z $with_qt_plugindir; then
|   with_qt_plugindir=$prefix/plugins
| fi
| if test -z $with_qt_translationdir; then
|   with_qt_translationdir=$prefix/translations
| fi
| if test -z $with_qt_bindir; then
|   with_qt_bindir=$prefix/native/bin
| fi
| if test -z $with_protoc_bindir; then
|   with_protoc_bindir=$prefix/native/bin
| fi
| if test -z $with_comparison_tool; then
|   with_comparison_tool=$prefix/native/share/BitcoindComparisonTool_jar/BitcoindComparisonTool.jar
| fi
| 
| 
| if test -z $enable_wallet && test -n ""; then
|   enable_wallet=no
| fi
| 
| if test -z $with_miniupnpc && test -n ""; then
|   with_miniupnpc=no
| fi
| 
| if test -z $with_gui && test -n ""; then
|   with_gui=no
| fi
| 
| if test xmingw32 = xdarwin; then
|   BREW=no
|   PORT=no
| fi
| 
| if test xmingw32 = xmingw32; then
|   if test -z $with_qt_incdir; then
|     with_qt_incdir=$prefix/include
|   fi
|   if test -z $with_qt_libdir; then
|     with_qt_libdir=$prefix/lib
|   fi
| fi
| 
| PATH=$prefix/native/bin:$PATH
| PKG_CONFIG="`which pkg-config` --static"
| 
| # These two need to remain exported because pkg-config does not see them
| # otherwise. That means they must be unexported at the end of configure.ac to
| # avoid ruining the cache. Sigh.
| 
| export PKG_CONFIG_LIBDIR=$prefix/lib/pkgconfig
| export PKG_CONFIG_PATH=$prefix/share/pkgconfig
| 
| CPPFLAGS="-I$prefix/include/ $CPPFLAGS"
| LDFLAGS="-L$prefix/lib $LDFLAGS"
| 
| CC="i686-w64-mingw32-gcc"
| CXX="i686-w64-mingw32-g++"
| OBJC="${CC}"
| OBJCXX="${CXX}"
| CCACHE=$prefix/native/bin/ccache
| 
| if test -n "i686-w64-mingw32-ar"; then
|   AR=i686-w64-mingw32-ar
|   ac_cv_path_ac_pt_AR=${AR}
| fi
| 
| if test -n "i686-w64-mingw32-ranlib"; then
|   RANLIB=i686-w64-mingw32-ranlib
|   ac_cv_path_ac_pt_RANLIB=${RANLIB}
| fi
| 
| if test -n "i686-w64-mingw32-nm"; then
|   NM=i686-w64-mingw32-nm
|   ac_cv_path_ac_pt_NM=${NM}
| fi
| 
| if test -n ""; then
|   enable_reduce_exports=no
| fi
| 
| if test -n "-pipe -O2"; then
|   CFLAGS="-pipe -O2 $CFLAGS"
| fi
| if test -n "-pipe -O2"; then
|   CXXFLAGS="-pipe -O2 $CXXFLAGS"
| fi
| if test -n ""; then
|   CPPFLAGS=" $CPPFLAGS"
| fi
| if test -n ""; then
|   LDFLAGS=" $LDFLAGS"
| fi
configure:2389: checking build system type
configure:2403: result: x86_64-unknown-linux-gnu
configure:2423: checking host system type
configure:2436: result: i686-w64-mingw32
configure:2475: checking for a BSD-compatible install
configure:2543: result: /usr/bin/install -c
configure:2554: checking whether build environment is sane
configure:2609: result: yes
configure:2668: checking for i686-w64-mingw32-strip
configure:2684: found /usr/bin/i686-w64-mingw32-strip
configure:2695: result: i686-w64-mingw32-strip
configure:2760: checking for a thread-safe mkdir -p
configure:2799: result: /bin/mkdir -p
configure:2806: checking for gawk
configure:2822: found /usr/bin/gawk
configure:2833: result: gawk
configure:2844: checking whether make sets $(MAKE)
configure:2866: result: yes
configure:2895: checking whether make supports nested variables
configure:2912: result: yes
configure:3083: checking how to print strings
configure:3110: result: printf
configure:3143: checking for style of include used by make
configure:3171: result: GNU
configure:3202: checking for i686-w64-mingw32-gcc
configure:3229: result: i686-w64-mingw32-gcc
configure:3498: checking for C compiler version
configure:3507: i686-w64-mingw32-gcc --version >&5
i686-w64-mingw32-gcc (GCC) 4.8.2
Copyright (C) 2013 Free Software Foundation, Inc.
This is free software; see the source for copying conditions.  There is NO
warranty; not even for MERCHANTABILITY or FITNESS FOR A PARTICULAR PURPOSE.

configure:3518: $? = 0
configure:3507: i686-w64-mingw32-gcc -v >&5
Using built-in specs.
COLLECT_GCC=i686-w64-mingw32-gcc
COLLECT_LTO_WRAPPER=/usr/lib/gcc/i686-w64-mingw32/4.8/lto-wrapper
Target: i686-w64-mingw32
Configured with: ../../src/configure --build=x86_64-linux-gnu --prefix=/usr --includedir='/usr/include' --mandir='/usr/share/man' --infodir='/usr/share/info' --sysconfdir=/etc --localstatedir=/var --libexecdir='/usr/lib/gcc-mingw-w64' --disable-maintainer-mode --disable-dependency-tracking --prefix=/usr --enable-shared --enable-static --disable-multilib --with-system-zlib --libexecdir=/usr/lib --without-included-gettext --libdir=/usr/lib --enable-libstdcxx-time=yes --with-tune=generic --enable-version-specific-runtime-libs --enable-threads=posix --enable-fully-dynamic-string --enable-sjlj-exceptions --enable-libgomp --enable-languages=c,c++,fortran,objc,obj-c++ --enable-lto --with-plugin-ld --target=i686-w64-mingw32 --with-gxx-include-dir=/usr/include/c++/4.8 --with-as=/usr/bin/i686-w64-mingw32-as --with-ld=/usr/bin/i686-w64-mingw32-ld
Thread model: posix
gcc version 4.8.2 (GCC) 
configure:3518: $? = 0
configure:3507: i686-w64-mingw32-gcc -V >&5
i686-w64-mingw32-gcc: error: unrecognized command line option '-V'
i686-w64-mingw32-gcc: fatal error: no input files
compilation terminated.
configure:3518: $? = 4
configure:3507: i686-w64-mingw32-gcc -qversion >&5
i686-w64-mingw32-gcc: error: unrecognized command line option '-qversion'
i686-w64-mingw32-gcc: fatal error: no input files
compilation terminated.
configure:3518: $? = 4
configure:3538: checking whether the C compiler works
configure:3560: i686-w64-mingw32-gcc -pipe -O2  -I/home/mint/workspace/longcoin/longcoin-src/depends/i686-w64-mingw32/include/ -I/usr/local/db4.8/include/ -L/home/mint/workspace/longcoin/longcoin-src/depends/i686-w64-mingw32/lib -L/usr/local/db4.8/lib/ conftest.c  >&5
configure:3564: $? = 0
configure:3612: result: yes
configure:3615: checking for C compiler default output file name
configure:3617: result: a.exe
configure:3623: checking for suffix of executables
configure:3630: i686-w64-mingw32-gcc -o conftest.exe -pipe -O2  -I/home/mint/workspace/longcoin/longcoin-src/depends/i686-w64-mingw32/include/ -I/usr/local/db4.8/include/ -L/home/mint/workspace/longcoin/longcoin-src/depends/i686-w64-mingw32/lib -L/usr/local/db4.8/lib/ conftest.c  >&5
configure:3634: $? = 0
configure:3656: result: .exe
configure:3678: checking whether we are cross compiling
configure:3686: i686-w64-mingw32-gcc -o conftest.exe -pipe -O2  -I/home/mint/workspace/longcoin/longcoin-src/depends/i686-w64-mingw32/include/ -I/usr/local/db4.8/include/ -L/home/mint/workspace/longcoin/longcoin-src/depends/i686-w64-mingw32/lib -L/usr/local/db4.8/lib/ conftest.c  >&5
configure:3690: $? = 0
configure:3697: ./conftest.exe
err:menubuilder:init_xdg error looking up the desktop directory
configure:3701: $? = 0
configure:3716: result: no
configure:3721: checking for suffix of object files
configure:3743: i686-w64-mingw32-gcc -c -pipe -O2  -I/home/mint/workspace/longcoin/longcoin-src/depends/i686-w64-mingw32/include/ -I/usr/local/db4.8/include/ conftest.c >&5
configure:3747: $? = 0
configure:3768: result: o
configure:3772: checking whether we are using the GNU C compiler
configure:3791: i686-w64-mingw32-gcc -c -pipe -O2  -I/home/mint/workspace/longcoin/longcoin-src/depends/i686-w64-mingw32/include/ -I/usr/local/db4.8/include/ conftest.c >&5
configure:3791: $? = 0
configure:3800: result: yes
configure:3809: checking whether i686-w64-mingw32-gcc accepts -g
configure:3829: i686-w64-mingw32-gcc -c -g -I/home/mint/workspace/longcoin/longcoin-src/depends/i686-w64-mingw32/include/ -I/usr/local/db4.8/include/ conftest.c >&5
configure:3829: $? = 0
configure:3870: result: yes
configure:3887: checking for i686-w64-mingw32-gcc option to accept ISO C89
configure:3950: i686-w64-mingw32-gcc  -c -pipe -O2  -I/home/mint/workspace/longcoin/longcoin-src/depends/i686-w64-mingw32/include/ -I/usr/local/db4.8/include/ conftest.c >&5
configure:3950: $? = 0
configure:3963: result: none needed
configure:3988: checking whether i686-w64-mingw32-gcc understands -c and -o together
configure:4010: i686-w64-mingw32-gcc -c conftest.c -o conftest2.o
configure:4013: $? = 0
configure:4010: i686-w64-mingw32-gcc -c conftest.c -o conftest2.o
configure:4013: $? = 0
configure:4025: result: yes
configure:4044: checking dependency style of i686-w64-mingw32-gcc
configure:4155: result: gcc3
configure:4170: checking for a sed that does not truncate output
configure:4234: result: /bin/sed
configure:4252: checking for grep that handles long lines and -e
configure:4310: result: /bin/grep
configure:4315: checking for egrep
configure:4377: result: /bin/grep -E
configure:4382: checking for fgrep
configure:4444: result: /bin/grep -F
configure:4479: checking for ld used by i686-w64-mingw32-gcc
configure:4546: result: /usr/bin/i686-w64-mingw32-ld
configure:4553: checking if the linker (/usr/bin/i686-w64-mingw32-ld) is GNU ld
configure:4568: result: yes
configure:4580: checking for BSD- or MS-compatible name lister (nm)
configure:4629: result: i686-w64-mingw32-nm
configure:4759: checking the name lister (i686-w64-mingw32-nm) interface
configure:4766: i686-w64-mingw32-gcc -c -pipe -O2  -I/home/mint/workspace/longcoin/longcoin-src/depends/i686-w64-mingw32/include/ -I/usr/local/db4.8/include/ conftest.c >&5
configure:4769: i686-w64-mingw32-nm "conftest.o"
configure:4772: output
00000000 b .bss
00000000 d .data
00000000 r .rdata$zzz
00000000 t .text
00000000 B _some_variable
configure:4779: result: BSD nm
configure:4782: checking whether ln -s works
configure:4786: result: yes
configure:4794: checking the maximum length of command line arguments
configure:4925: result: 1572864
configure:4942: checking whether the shell understands some XSI constructs
configure:4952: result: yes
configure:4956: checking whether the shell understands "+="
configure:4962: result: yes
configure:4997: checking how to convert x86_64-unknown-linux-gnu file names to i686-w64-mingw32 format
configure:5037: result: func_convert_file_nix_to_w32
configure:5044: checking how to convert x86_64-unknown-linux-gnu file names to toolchain format
configure:5064: result: func_convert_file_noop
configure:5071: checking for /usr/bin/i686-w64-mingw32-ld option to reload object files
configure:5078: result: -r
configure:5112: checking for i686-w64-mingw32-objdump
configure:5128: found /usr/bin/i686-w64-mingw32-objdump
configure:5139: result: i686-w64-mingw32-objdump
configure:5211: checking how to recognize dependent libraries
configure:5409: result: file_magic ^x86 archive import|^x86 DLL
configure:5454: checking for i686-w64-mingw32-dlltool
configure:5470: found /usr/bin/i686-w64-mingw32-dlltool
configure:5481: result: i686-w64-mingw32-dlltool
configure:5554: checking how to associate runtime and link libraries
configure:5581: result: func_cygming_dll_for_implib
configure:5598: checking for i686-w64-mingw32-ar
configure:5625: result: i686-w64-mingw32-ar
configure:5706: checking for archiver @FILE support
configure:5723: i686-w64-mingw32-gcc -c -pipe -O2  -I/home/mint/workspace/longcoin/longcoin-src/depends/i686-w64-mingw32/include/ -I/usr/local/db4.8/include/ conftest.c >&5
configure:5723: $? = 0
configure:5726: i686-w64-mingw32-ar cru libconftest.a @conftest.lst >&5
configure:5729: $? = 0
configure:5734: i686-w64-mingw32-ar cru libconftest.a @conftest.lst >&5
i686-w64-mingw32-ar: conftest.o: No such file or directory
configure:5737: $? = 1
configure:5749: result: @
configure:5767: checking for i686-w64-mingw32-strip
configure:5794: result: i686-w64-mingw32-strip
configure:5866: checking for i686-w64-mingw32-ranlib
configure:5893: result: i686-w64-mingw32-ranlib
configure:6035: checking command to parse i686-w64-mingw32-nm output from i686-w64-mingw32-gcc object
configure:6155: i686-w64-mingw32-gcc -c -pipe -O2  -I/home/mint/workspace/longcoin/longcoin-src/depends/i686-w64-mingw32/include/ -I/usr/local/db4.8/include/ conftest.c >&5
configure:6158: $? = 0
configure:6162: i686-w64-mingw32-nm conftest.o \| sed -n -e 's/^.*[ ]\([ABCDGIRSTW][ABCDGIRSTW]*\)[ ][ ]*\([_A-Za-z][_A-Za-z0-9]*\)$/\1 \2 \2/p' | sed '/ __gnu_lto/d' \> conftest.nm
configure:6165: $? = 0
cannot find nm_test_var in conftest.nm
configure:6155: i686-w64-mingw32-gcc -c -pipe -O2  -I/home/mint/workspace/longcoin/longcoin-src/depends/i686-w64-mingw32/include/ -I/usr/local/db4.8/include/ conftest.c >&5
configure:6158: $? = 0
configure:6162: i686-w64-mingw32-nm conftest.o \| sed -n -e 's/^.*[ ]\([ABCDGIRSTW][ABCDGIRSTW]*\)[ ][ ]*_\([_A-Za-z][_A-Za-z0-9]*\)$/\1 _\2 \2/p' | sed '/ __gnu_lto/d' \> conftest.nm
configure:6165: $? = 0
configure:6231: i686-w64-mingw32-gcc -o conftest.exe -pipe -O2  -I/home/mint/workspace/longcoin/longcoin-src/depends/i686-w64-mingw32/include/ -I/usr/local/db4.8/include/ -L/home/mint/workspace/longcoin/longcoin-src/depends/i686-w64-mingw32/lib -L/usr/local/db4.8/lib/ conftest.c conftstm.o >&5
configure:6234: $? = 0
configure:6272: result: ok
configure:6309: checking for sysroot
configure:6339: result: no
configure:6568: checking for i686-w64-mingw32-mt
configure:6598: result: no
configure:6608: checking for mt
configure:6624: found /bin/mt
configure:6635: result: mt
configure:6658: checking if mt is a manifest tool
configure:6664: mt '-?'
configure:6672: result: no
configure:7314: checking how to run the C preprocessor
configure:7345: i686-w64-mingw32-gcc -E -I/home/mint/workspace/longcoin/longcoin-src/depends/i686-w64-mingw32/include/ -I/usr/local/db4.8/include/ conftest.c
configure:7345: $? = 0
configure:7359: i686-w64-mingw32-gcc -E -I/home/mint/workspace/longcoin/longcoin-src/depends/i686-w64-mingw32/include/ -I/usr/local/db4.8/include/ conftest.c
conftest.c:11:28: fatal error: ac_nonexistent.h: No such file or directory
 #include <ac_nonexistent.h>
                            ^
compilation terminated.
configure:7359: $? = 1
configure: failed program was:
| /* confdefs.h */
| #define PACKAGE_NAME "libsecp256k1"
| #define PACKAGE_TARNAME "libsecp256k1"
| #define PACKAGE_VERSION "0.1"
| #define PACKAGE_STRING "libsecp256k1 0.1"
| #define PACKAGE_BUGREPORT ""
| #define PACKAGE_URL ""
| #define PACKAGE "libsecp256k1"
| #define VERSION "0.1"
| /* end confdefs.h.  */
| #include <ac_nonexistent.h>
configure:7384: result: i686-w64-mingw32-gcc -E
configure:7404: i686-w64-mingw32-gcc -E -I/home/mint/workspace/longcoin/longcoin-src/depends/i686-w64-mingw32/include/ -I/usr/local/db4.8/include/ conftest.c
configure:7404: $? = 0
configure:7418: i686-w64-mingw32-gcc -E -I/home/mint/workspace/longcoin/longcoin-src/depends/i686-w64-mingw32/include/ -I/usr/local/db4.8/include/ conftest.c
conftest.c:11:28: fatal error: ac_nonexistent.h: No such file or directory
 #include <ac_nonexistent.h>
                            ^
compilation terminated.
configure:7418: $? = 1
configure: failed program was:
| /* confdefs.h */
| #define PACKAGE_NAME "libsecp256k1"
| #define PACKAGE_TARNAME "libsecp256k1"
| #define PACKAGE_VERSION "0.1"
| #define PACKAGE_STRING "libsecp256k1 0.1"
| #define PACKAGE_BUGREPORT ""
| #define PACKAGE_URL ""
| #define PACKAGE "libsecp256k1"
| #define VERSION "0.1"
| /* end confdefs.h.  */
| #include <ac_nonexistent.h>
configure:7447: checking for ANSI C header files
configure:7467: i686-w64-mingw32-gcc -c -pipe -O2  -I/home/mint/workspace/longcoin/longcoin-src/depends/i686-w64-mingw32/include/ -I/usr/local/db4.8/include/ conftest.c >&5
configure:7467: $? = 0
configure:7540: i686-w64-mingw32-gcc -o conftest.exe -pipe -O2  -I/home/mint/workspace/longcoin/longcoin-src/depends/i686-w64-mingw32/include/ -I/usr/local/db4.8/include/ -L/home/mint/workspace/longcoin/longcoin-src/depends/i686-w64-mingw32/lib -L/usr/local/db4.8/lib/ conftest.c  >&5
configure:7540: $? = 0
configure:7540: ./conftest.exe
configure:7540: $? = 0
configure:7551: result: yes
configure:7564: checking for sys/types.h
configure:7564: i686-w64-mingw32-gcc -c -pipe -O2  -I/home/mint/workspace/longcoin/longcoin-src/depends/i686-w64-mingw32/include/ -I/usr/local/db4.8/include/ conftest.c >&5
configure:7564: $? = 0
configure:7564: result: yes
configure:7564: checking for sys/stat.h
configure:7564: i686-w64-mingw32-gcc -c -pipe -O2  -I/home/mint/workspace/longcoin/longcoin-src/depends/i686-w64-mingw32/include/ -I/usr/local/db4.8/include/ conftest.c >&5
configure:7564: $? = 0
configure:7564: result: yes
configure:7564: checking for stdlib.h
configure:7564: i686-w64-mingw32-gcc -c -pipe -O2  -I/home/mint/workspace/longcoin/longcoin-src/depends/i686-w64-mingw32/include/ -I/usr/local/db4.8/include/ conftest.c >&5
configure:7564: $? = 0
configure:7564: result: yes
configure:7564: checking for string.h
configure:7564: i686-w64-mingw32-gcc -c -pipe -O2  -I/home/mint/workspace/longcoin/longcoin-src/depends/i686-w64-mingw32/include/ -I/usr/local/db4.8/include/ conftest.c >&5
configure:7564: $? = 0
configure:7564: result: yes
configure:7564: checking for memory.h
configure:7564: i686-w64-mingw32-gcc -c -pipe -O2  -I/home/mint/workspace/longcoin/longcoin-src/depends/i686-w64-mingw32/include/ -I/usr/local/db4.8/include/ conftest.c >&5
configure:7564: $? = 0
configure:7564: result: yes
configure:7564: checking for strings.h
configure:7564: i686-w64-mingw32-gcc -c -pipe -O2  -I/home/mint/workspace/longcoin/longcoin-src/depends/i686-w64-mingw32/include/ -I/usr/local/db4.8/include/ conftest.c >&5
configure:7564: $? = 0
configure:7564: result: yes
configure:7564: checking for inttypes.h
configure:7564: i686-w64-mingw32-gcc -c -pipe -O2  -I/home/mint/workspace/longcoin/longcoin-src/depends/i686-w64-mingw32/include/ -I/usr/local/db4.8/include/ conftest.c >&5
configure:7564: $? = 0
configure:7564: result: yes
configure:7564: checking for stdint.h
configure:7564: i686-w64-mingw32-gcc -c -pipe -O2  -I/home/mint/workspace/longcoin/longcoin-src/depends/i686-w64-mingw32/include/ -I/usr/local/db4.8/include/ conftest.c >&5
configure:7564: $? = 0
configure:7564: result: yes
configure:7564: checking for unistd.h
configure:7564: i686-w64-mingw32-gcc -c -pipe -O2  -I/home/mint/workspace/longcoin/longcoin-src/depends/i686-w64-mingw32/include/ -I/usr/local/db4.8/include/ conftest.c >&5
configure:7564: $? = 0
configure:7564: result: yes
configure:7578: checking for dlfcn.h
configure:7578: i686-w64-mingw32-gcc -c -pipe -O2  -I/home/mint/workspace/longcoin/longcoin-src/depends/i686-w64-mingw32/include/ -I/usr/local/db4.8/include/ conftest.c >&5
conftest.c:55:19: fatal error: dlfcn.h: No such file or directory
 #include <dlfcn.h>
                   ^
compilation terminated.
configure:7578: $? = 1
configure: failed program was:
| /* confdefs.h */
| #define PACKAGE_NAME "libsecp256k1"
| #define PACKAGE_TARNAME "libsecp256k1"
| #define PACKAGE_VERSION "0.1"
| #define PACKAGE_STRING "libsecp256k1 0.1"
| #define PACKAGE_BUGREPORT ""
| #define PACKAGE_URL ""
| #define PACKAGE "libsecp256k1"
| #define VERSION "0.1"
| #define STDC_HEADERS 1
| #define HAVE_SYS_TYPES_H 1
| #define HAVE_SYS_STAT_H 1
| #define HAVE_STDLIB_H 1
| #define HAVE_STRING_H 1
| #define HAVE_MEMORY_H 1
| #define HAVE_STRINGS_H 1
| #define HAVE_INTTYPES_H 1
| #define HAVE_STDINT_H 1
| #define HAVE_UNISTD_H 1
| /* end confdefs.h.  */
| #include <stdio.h>
| #ifdef HAVE_SYS_TYPES_H
| # include <sys/types.h>
| #endif
| #ifdef HAVE_SYS_STAT_H
| # include <sys/stat.h>
| #endif
| #ifdef STDC_HEADERS
| # include <stdlib.h>
| # include <stddef.h>
| #else
| # ifdef HAVE_STDLIB_H
| #  include <stdlib.h>
| # endif
| #endif
| #ifdef HAVE_STRING_H
| # if !defined STDC_HEADERS && defined HAVE_MEMORY_H
| #  include <memory.h>
| # endif
| # include <string.h>
| #endif
| #ifdef HAVE_STRINGS_H
| # include <strings.h>
| #endif
| #ifdef HAVE_INTTYPES_H
| # include <inttypes.h>
| #endif
| #ifdef HAVE_STDINT_H
| # include <stdint.h>
| #endif
| #ifdef HAVE_UNISTD_H
| # include <unistd.h>
| #endif
| 
| #include <dlfcn.h>
configure:7578: result: no
configure:7784: checking for objdir
configure:7799: result: .libs
configure:8070: checking if i686-w64-mingw32-gcc supports -fno-rtti -fno-exceptions
configure:8088: i686-w64-mingw32-gcc -c -pipe -O2  -I/home/mint/workspace/longcoin/longcoin-src/depends/i686-w64-mingw32/include/ -I/usr/local/db4.8/include/ -fno-rtti -fno-exceptions conftest.c >&5
cc1: warning: command line option '-fno-rtti' is valid for C++/ObjC++ but not for C [enabled by default]
configure:8092: $? = 0
configure:8105: result: no
configure:8432: checking for i686-w64-mingw32-gcc option to produce PIC
configure:8439: result: -DDLL_EXPORT -DPIC
configure:8447: checking if i686-w64-mingw32-gcc PIC flag -DDLL_EXPORT -DPIC works
configure:8465: i686-w64-mingw32-gcc -c -pipe -O2  -I/home/mint/workspace/longcoin/longcoin-src/depends/i686-w64-mingw32/include/ -I/usr/local/db4.8/include/ -DDLL_EXPORT -DPIC -DPIC conftest.c >&5
configure:8469: $? = 0
configure:8482: result: yes
configure:8511: checking if i686-w64-mingw32-gcc static flag -static works
configure:8539: result: yes
configure:8554: checking if i686-w64-mingw32-gcc supports -c -o file.o
configure:8575: i686-w64-mingw32-gcc -c -pipe -O2  -I/home/mint/workspace/longcoin/longcoin-src/depends/i686-w64-mingw32/include/ -I/usr/local/db4.8/include/ -o out/conftest2.o conftest.c >&5
configure:8579: $? = 0
configure:8601: result: yes
configure:8609: checking if i686-w64-mingw32-gcc supports -c -o file.o
configure:8656: result: yes
configure:8689: checking whether the i686-w64-mingw32-gcc linker (/usr/bin/i686-w64-mingw32-ld) supports shared libraries
configure:9846: result: yes
configure:10086: checking dynamic linker characteristics
configure:10820: result: Win32 ld.exe
configure:10927: checking how to hardcode library paths into programs
configure:10952: result: immediate
configure:11492: checking whether stripping libraries is possible
configure:11497: result: yes
configure:11532: checking if libtool supports shared libraries
configure:11534: result: yes
configure:11537: checking whether to build shared libraries
configure:11558: result: no
configure:11561: checking whether to build static libraries
configure:11565: result: yes
configure:11614: checking whether make supports nested variables
configure:11631: result: yes
configure:11654: checking for i686-w64-mingw32-pkg-config
configure:11684: result: /usr/bin/pkg-config --static
configure:11752: checking pkg-config is at least version 0.9.0
configure:11755: result: yes
configure:11767: checking for i686-w64-mingw32-ar
configure:11785: found /usr/bin/i686-w64-mingw32-ar
configure:11797: result: /usr/bin/i686-w64-mingw32-ar
configure:11865: checking for i686-w64-mingw32-ranlib
configure:11883: found /usr/bin/i686-w64-mingw32-ranlib
configure:11895: result: /usr/bin/i686-w64-mingw32-ranlib
configure:11963: checking for i686-w64-mingw32-strip
configure:11981: found /usr/bin/i686-w64-mingw32-strip
configure:11993: result: /usr/bin/i686-w64-mingw32-strip
configure:12114: checking for gcc
configure:12130: found /usr/bin/gcc
configure:12141: result: gcc
configure:12370: checking for C compiler version
configure:12379: gcc --version >&5
gcc (Ubuntu 4.8.4-2ubuntu1~14.04.4) 4.8.4
Copyright (C) 2013 Free Software Foundation, Inc.
This is free software; see the source for copying conditions.  There is NO
warranty; not even for MERCHANTABILITY or FITNESS FOR A PARTICULAR PURPOSE.

configure:12390: $? = 0
configure:12379: gcc -v >&5
Using built-in specs.
COLLECT_GCC=gcc
COLLECT_LTO_WRAPPER=/usr/lib/gcc/x86_64-linux-gnu/4.8/lto-wrapper
Target: x86_64-linux-gnu
Configured with: ../src/configure -v --with-pkgversion='Ubuntu 4.8.4-2ubuntu1~14.04.4' --with-bugurl=file:///usr/share/doc/gcc-4.8/README.Bugs --enable-languages=c,c++,java,go,d,fortran,objc,obj-c++ --prefix=/usr --program-suffix=-4.8 --enable-shared --enable-linker-build-id --libexecdir=/usr/lib --without-included-gettext --enable-threads=posix --with-gxx-include-dir=/usr/include/c++/4.8 --libdir=/usr/lib --enable-nls --with-sysroot=/ --enable-clocale=gnu --enable-libstdcxx-debug --enable-libstdcxx-time=yes --enable-gnu-unique-object --disable-libmudflap --enable-plugin --with-system-zlib --disable-browser-plugin --enable-java-awt=gtk --enable-gtk-cairo --with-java-home=/usr/lib/jvm/java-1.5.0-gcj-4.8-amd64/jre --enable-java-home --with-jvm-root-dir=/usr/lib/jvm/java-1.5.0-gcj-4.8-amd64 --with-jvm-jar-dir=/usr/lib/jvm-exports/java-1.5.0-gcj-4.8-amd64 --with-arch-directory=amd64 --with-ecj-jar=/usr/share/java/eclipse-ecj.jar --enable-objc-gc --enable-multiarch --disable-werror --with-arch-32=i686 --with-abi=m64 --with-multilib-list=m32,m64,mx32 --with-tune=generic --enable-checking=release --build=x86_64-linux-gnu --host=x86_64-linux-gnu --target=x86_64-linux-gnu
Thread model: posix
gcc version 4.8.4 (Ubuntu 4.8.4-2ubuntu1~14.04.4) 
configure:12390: $? = 0
configure:12379: gcc -V >&5
gcc: error: unrecognized command line option '-V'
gcc: fatal error: no input files
compilation terminated.
configure:12390: $? = 4
configure:12379: gcc -qversion >&5
gcc: error: unrecognized command line option '-qversion'
gcc: fatal error: no input files
compilation terminated.
configure:12390: $? = 4
configure:12394: checking whether we are using the GNU C compiler
configure:12422: result: yes
configure:12431: checking whether gcc accepts -g
configure:12451: i686-w64-mingw32-gcc -c -pipe -O2  -I/home/mint/workspace/longcoin/longcoin-src/depends/i686-w64-mingw32/include/ -I/usr/local/db4.8/include/ conftest.c >&5
configure:12451: $? = 0
configure:12492: result: yes
configure:12509: checking for gcc option to accept ISO C89
configure:12585: result: none needed
configure:12610: checking whether gcc understands -c and -o together
configure:12647: result: yes
configure:12666: checking dependency style of gcc
configure:12777: result: gcc3
configure:12797: checking how to run the C preprocessor
configure:12828: i686-w64-mingw32-gcc -E -I/home/mint/workspace/longcoin/longcoin-src/depends/i686-w64-mingw32/include/ -I/usr/local/db4.8/include/ conftest.c
configure:12828: $? = 0
configure:12842: i686-w64-mingw32-gcc -E -I/home/mint/workspace/longcoin/longcoin-src/depends/i686-w64-mingw32/include/ -I/usr/local/db4.8/include/ conftest.c
conftest.c:22:28: fatal error: ac_nonexistent.h: No such file or directory
 #include <ac_nonexistent.h>
                            ^
compilation terminated.
configure:12842: $? = 1
configure: failed program was:
| /* confdefs.h */
| #define PACKAGE_NAME "libsecp256k1"
| #define PACKAGE_TARNAME "libsecp256k1"
| #define PACKAGE_VERSION "0.1"
| #define PACKAGE_STRING "libsecp256k1 0.1"
| #define PACKAGE_BUGREPORT ""
| #define PACKAGE_URL ""
| #define PACKAGE "libsecp256k1"
| #define VERSION "0.1"
| #define STDC_HEADERS 1
| #define HAVE_SYS_TYPES_H 1
| #define HAVE_SYS_STAT_H 1
| #define HAVE_STDLIB_H 1
| #define HAVE_STRING_H 1
| #define HAVE_MEMORY_H 1
| #define HAVE_STRINGS_H 1
| #define HAVE_INTTYPES_H 1
| #define HAVE_STDINT_H 1
| #define HAVE_UNISTD_H 1
| #define LT_OBJDIR ".libs/"
| /* end confdefs.h.  */
| #include <ac_nonexistent.h>
configure:12867: result: gcc -E
configure:12887: i686-w64-mingw32-gcc -E -I/home/mint/workspace/longcoin/longcoin-src/depends/i686-w64-mingw32/include/ -I/usr/local/db4.8/include/ conftest.c
configure:12887: $? = 0
configure:12901: i686-w64-mingw32-gcc -E -I/home/mint/workspace/longcoin/longcoin-src/depends/i686-w64-mingw32/include/ -I/usr/local/db4.8/include/ conftest.c
conftest.c:22:28: fatal error: ac_nonexistent.h: No such file or directory
 #include <ac_nonexistent.h>
                            ^
compilation terminated.
configure:12901: $? = 1
configure: failed program was:
| /* confdefs.h */
| #define PACKAGE_NAME "libsecp256k1"
| #define PACKAGE_TARNAME "libsecp256k1"
| #define PACKAGE_VERSION "0.1"
| #define PACKAGE_STRING "libsecp256k1 0.1"
| #define PACKAGE_BUGREPORT ""
| #define PACKAGE_URL ""
| #define PACKAGE "libsecp256k1"
| #define VERSION "0.1"
| #define STDC_HEADERS 1
| #define HAVE_SYS_TYPES_H 1
| #define HAVE_SYS_STAT_H 1
| #define HAVE_STDLIB_H 1
| #define HAVE_STRING_H 1
| #define HAVE_MEMORY_H 1
| #define HAVE_STRINGS_H 1
| #define HAVE_INTTYPES_H 1
| #define HAVE_STDINT_H 1
| #define HAVE_UNISTD_H 1
| #define LT_OBJDIR ".libs/"
| /* end confdefs.h.  */
| #include <ac_nonexistent.h>
configure:12945: checking for i686-w64-mingw32-gcc option to accept ISO C89
configure:13021: result: none needed
configure:13048: checking dependency style of i686-w64-mingw32-gcc
configure:13157: result: gcc3
configure:13283: checking if i686-w64-mingw32-gcc supports -std=c89 -pedantic -Wall -Wextra -Wcast-align -Wnested-externs -Wshadow -Wstrict-prototypes -Wno-unused-function -Wno-long-long -Wno-overlength-strings
configure:13289: i686-w64-mingw32-gcc -c -pipe -O2  -W -std=c89 -pedantic -Wall -Wextra -Wcast-align -Wnested-externs -Wshadow -Wstrict-prototypes -Wno-unused-function -Wno-long-long -Wno-overlength-strings -I/home/mint/workspace/longcoin/longcoin-src/depends/i686-w64-mingw32/include/ -I/usr/local/db4.8/include/ conftest.c >&5
configure:13289: $? = 0
configure:13290: result: yes
configure:13302: checking if i686-w64-mingw32-gcc supports -fvisibility=hidden
configure:13308: i686-w64-mingw32-gcc -c -pipe -O2  -W -std=c89 -pedantic -Wall -Wextra -Wcast-align -Wnested-externs -Wshadow -Wstrict-prototypes -Wno-unused-function -Wno-long-long -Wno-overlength-strings -fvisibility=hidden -I/home/mint/workspace/longcoin/longcoin-src/depends/i686-w64-mingw32/include/ -I/usr/local/db4.8/include/ conftest.c >&5
configure:13308: $? = 0
configure:13309: result: yes
configure:13443: checking for __int128
configure:13443: i686-w64-mingw32-gcc -c -pipe -O2  -W -std=c89 -pedantic -Wall -Wextra -Wcast-align -Wnested-externs -Wshadow -Wstrict-prototypes -Wno-unused-function -Wno-long-long -Wno-overlength-strings -fvisibility=hidden -I/home/mint/workspace/longcoin/longcoin-src/depends/i686-w64-mingw32/include/ -I/usr/local/db4.8/include/ conftest.c >&5
conftest.c:56:1: warning: function declaration isn't a prototype [-Wstrict-prototypes]
 main ()
 ^
conftest.c: In function 'main':
conftest.c:58:13: error: '__int128' is not supported for this target
 if (sizeof (__int128))
             ^
conftest.c:58:1: warning: type defaults to 'int' in type name [-Wimplicit-int]
 if (sizeof (__int128))
 ^
configure:13443: $? = 1
configure: failed program was:
| /* confdefs.h */
| #define PACKAGE_NAME "libsecp256k1"
| #define PACKAGE_TARNAME "libsecp256k1"
| #define PACKAGE_VERSION "0.1"
| #define PACKAGE_STRING "libsecp256k1 0.1"
| #define PACKAGE_BUGREPORT ""
| #define PACKAGE_URL ""
| #define PACKAGE "libsecp256k1"
| #define VERSION "0.1"
| #define STDC_HEADERS 1
| #define HAVE_SYS_TYPES_H 1
| #define HAVE_SYS_STAT_H 1
| #define HAVE_STDLIB_H 1
| #define HAVE_STRING_H 1
| #define HAVE_MEMORY_H 1
| #define HAVE_STRINGS_H 1
| #define HAVE_INTTYPES_H 1
| #define HAVE_STDINT_H 1
| #define HAVE_UNISTD_H 1
| #define LT_OBJDIR ".libs/"
| /* end confdefs.h.  */
| #include <stdio.h>
| #ifdef HAVE_SYS_TYPES_H
| # include <sys/types.h>
| #endif
| #ifdef HAVE_SYS_STAT_H
| # include <sys/stat.h>
| #endif
| #ifdef STDC_HEADERS
| # include <stdlib.h>
| # include <stddef.h>
| #else
| # ifdef HAVE_STDLIB_H
| #  include <stdlib.h>
| # endif
| #endif
| #ifdef HAVE_STRING_H
| # if !defined STDC_HEADERS && defined HAVE_MEMORY_H
| #  include <memory.h>
| # endif
| # include <string.h>
| #endif
| #ifdef HAVE_STRINGS_H
| # include <strings.h>
| #endif
| #ifdef HAVE_INTTYPES_H
| # include <inttypes.h>
| #endif
| #ifdef HAVE_STDINT_H
| # include <stdint.h>
| #endif
| #ifdef HAVE_UNISTD_H
| # include <unistd.h>
| #endif
| int
| main ()
| {
| if (sizeof (__int128))
| 	 return 0;
|   ;
|   return 0;
| }
configure:13443: result: no
configure:13454: checking for __builtin_expect
configure:13460: i686-w64-mingw32-gcc -c -pipe -O2  -W -std=c89 -pedantic -Wall -Wextra -Wcast-align -Wnested-externs -Wshadow -Wstrict-prototypes -Wno-unused-function -Wno-long-long -Wno-overlength-strings -fvisibility=hidden -I/home/mint/workspace/longcoin/longcoin-src/depends/i686-w64-mingw32/include/ -I/usr/local/db4.8/include/ conftest.c >&5
conftest.c:22:6: warning: function declaration isn't a prototype [-Wstrict-prototypes]
 void myfunc() {__builtin_expect(0,0);}
      ^
conftest.c: In function 'myfunc':
conftest.c:22:16: warning: statement with no effect [-Wunused-value]
 void myfunc() {__builtin_expect(0,0);}
                ^
configure:13460: $? = 0
configure:13461: result: yes
configure:13487: checking native compiler: gcc
configure:13502: gcc -o conftest.exe -pipe -O2  -W -std=c89 -pedantic -Wall -Wextra -Wcast-align -Wnested-externs -Wshadow -Wstrict-prototypes -Wno-unused-function -Wno-long-long -Wno-overlength-strings -fvisibility=hidden -O3 -I/home/mint/workspace/longcoin/longcoin-src/depends/i686-w64-mingw32/include/ -I/usr/local/db4.8/include/ -L/home/mint/workspace/longcoin/longcoin-src/depends/i686-w64-mingw32/lib -L/usr/local/db4.8/lib/ conftest.c  >&5
conftest.c:25:1: warning: function declaration isn't a prototype [-Wstrict-prototypes]
 main ()
 ^
configure:13502: $? = 0
configure:13502: ./conftest.exe
configure:13502: $? = 0
configure:13523: result: ok
configure:13533: checking for x86_64 assembly availability
configure:13550: i686-w64-mingw32-gcc -c -pipe -O2  -W -std=c89 -pedantic -Wall -Wextra -Wcast-align -Wnested-externs -Wshadow -Wstrict-prototypes -Wno-unused-function -Wno-long-long -Wno-overlength-strings -fvisibility=hidden -O3 -I/home/mint/workspace/longcoin/longcoin-src/depends/i686-w64-mingw32/include/ -I/usr/local/db4.8/include/ conftest.c >&5
conftest.c:26:1: warning: function declaration isn't a prototype [-Wstrict-prototypes]
 main ()
 ^
conftest.c: In function 'main':
conftest.c:30:3: warning: 'tmp' is used uninitialized in this function [-Wuninitialized]
   __asm__ __volatile__("movq $0x100000000,%1; mulq %%rsi" : "+a"(a) : "S"(tmp) : "cc", "%rdx");
   ^
conftest.c:30:3: error: inconsistent operand constraints in an 'asm'
   __asm__ __volatile__("movq $0x100000000,%1; mulq %%rsi" : "+a"(a) : "S"(tmp) : "cc", "%rdx");
   ^
configure:13550: $? = 1
configure: failed program was:
| /* confdefs.h */
| #define PACKAGE_NAME "libsecp256k1"
| #define PACKAGE_TARNAME "libsecp256k1"
| #define PACKAGE_VERSION "0.1"
| #define PACKAGE_STRING "libsecp256k1 0.1"
| #define PACKAGE_BUGREPORT ""
| #define PACKAGE_URL ""
| #define PACKAGE "libsecp256k1"
| #define VERSION "0.1"
| #define STDC_HEADERS 1
| #define HAVE_SYS_TYPES_H 1
| #define HAVE_SYS_STAT_H 1
| #define HAVE_STDLIB_H 1
| #define HAVE_STRING_H 1
| #define HAVE_MEMORY_H 1
| #define HAVE_STRINGS_H 1
| #define HAVE_INTTYPES_H 1
| #define HAVE_STDINT_H 1
| #define HAVE_UNISTD_H 1
| #define LT_OBJDIR ".libs/"
| #define HAVE_BUILTIN_EXPECT 1
| /* end confdefs.h.  */
| 
|   #include <stdint.h>
| int
| main ()
| {
| 
|   uint64_t a = 11, tmp;
|   __asm__ __volatile__("movq $0x100000000,%1; mulq %%rsi" : "+a"(a) : "S"(tmp) : "cc", "%rdx");
| 
|   ;
|   return 0;
| }
configure:13556: result: no
configure:14319: checking whether byte ordering is bigendian
configure:14334: i686-w64-mingw32-gcc -c -pipe -O2  -W -std=c89 -pedantic -Wall -Wextra -Wcast-align -Wnested-externs -Wshadow -Wstrict-prototypes -Wno-unused-function -Wno-long-long -Wno-overlength-strings -fvisibility=hidden -O3 -I/home/mint/workspace/longcoin/longcoin-src/depends/i686-w64-mingw32/include/ -I/usr/local/db4.8/include/ conftest.c >&5
conftest.c:32:9: error: unknown type name 'not'
         not a universal capable compiler
         ^
conftest.c:32:15: error: expected '=', ',', ';', 'asm' or '__attribute__' before 'universal'
         not a universal capable compiler
               ^
conftest.c:32:15: error: unknown type name 'universal'
configure:14334: $? = 1
configure: failed program was:
| /* confdefs.h */
| #define PACKAGE_NAME "libsecp256k1"
| #define PACKAGE_TARNAME "libsecp256k1"
| #define PACKAGE_VERSION "0.1"
| #define PACKAGE_STRING "libsecp256k1 0.1"
| #define PACKAGE_BUGREPORT ""
| #define PACKAGE_URL ""
| #define PACKAGE "libsecp256k1"
| #define VERSION "0.1"
| #define STDC_HEADERS 1
| #define HAVE_SYS_TYPES_H 1
| #define HAVE_SYS_STAT_H 1
| #define HAVE_STDLIB_H 1
| #define HAVE_STRING_H 1
| #define HAVE_MEMORY_H 1
| #define HAVE_STRINGS_H 1
| #define HAVE_INTTYPES_H 1
| #define HAVE_STDINT_H 1
| #define HAVE_UNISTD_H 1
| #define LT_OBJDIR ".libs/"
| #define HAVE_BUILTIN_EXPECT 1
| #define USE_FIELD_10X26 1
| #define USE_NUM_NONE 1
| #define USE_FIELD_INV_BUILTIN 1
| #define USE_SCALAR_INV_BUILTIN 1
| #define USE_SCALAR_8X32 1
| #define USE_ECMULT_STATIC_PRECOMPUTATION 1
| #define ENABLE_MODULE_ECDH 1
| #define ENABLE_MODULE_RECOVERY 1
| /* end confdefs.h.  */
| #ifndef __APPLE_CC__
| 	       not a universal capable compiler
| 	     #endif
| 	     typedef int dummy;
| 
configure:14379: i686-w64-mingw32-gcc -c -pipe -O2  -W -std=c89 -pedantic -Wall -Wextra -Wcast-align -Wnested-externs -Wshadow -Wstrict-prototypes -Wno-unused-function -Wno-long-long -Wno-overlength-strings -fvisibility=hidden -O3 -I/home/mint/workspace/longcoin/longcoin-src/depends/i686-w64-mingw32/include/ -I/usr/local/db4.8/include/ conftest.c >&5
conftest.c:35:1: warning: function declaration isn't a prototype [-Wstrict-prototypes]
 main ()
 ^
configure:14379: $? = 0
configure:14397: i686-w64-mingw32-gcc -c -pipe -O2  -W -std=c89 -pedantic -Wall -Wextra -Wcast-align -Wnested-externs -Wshadow -Wstrict-prototypes -Wno-unused-function -Wno-long-long -Wno-overlength-strings -fvisibility=hidden -O3 -I/home/mint/workspace/longcoin/longcoin-src/depends/i686-w64-mingw32/include/ -I/usr/local/db4.8/include/ conftest.c >&5
conftest.c:35:1: warning: function declaration isn't a prototype [-Wstrict-prototypes]
 main ()
 ^
conftest.c: In function 'main':
conftest.c:38:4: error: unknown type name 'not'
    not big endian
    ^
conftest.c:38:12: error: expected '=', ',', ';', 'asm' or '__attribute__' before 'endian'
    not big endian
            ^
configure:14397: $? = 1
configure: failed program was:
| /* confdefs.h */
| #define PACKAGE_NAME "libsecp256k1"
| #define PACKAGE_TARNAME "libsecp256k1"
| #define PACKAGE_VERSION "0.1"
| #define PACKAGE_STRING "libsecp256k1 0.1"
| #define PACKAGE_BUGREPORT ""
| #define PACKAGE_URL ""
| #define PACKAGE "libsecp256k1"
| #define VERSION "0.1"
| #define STDC_HEADERS 1
| #define HAVE_SYS_TYPES_H 1
| #define HAVE_SYS_STAT_H 1
| #define HAVE_STDLIB_H 1
| #define HAVE_STRING_H 1
| #define HAVE_MEMORY_H 1
| #define HAVE_STRINGS_H 1
| #define HAVE_INTTYPES_H 1
| #define HAVE_STDINT_H 1
| #define HAVE_UNISTD_H 1
| #define LT_OBJDIR ".libs/"
| #define HAVE_BUILTIN_EXPECT 1
| #define USE_FIELD_10X26 1
| #define USE_NUM_NONE 1
| #define USE_FIELD_INV_BUILTIN 1
| #define USE_SCALAR_INV_BUILTIN 1
| #define USE_SCALAR_8X32 1
| #define USE_ECMULT_STATIC_PRECOMPUTATION 1
| #define ENABLE_MODULE_ECDH 1
| #define ENABLE_MODULE_RECOVERY 1
| /* end confdefs.h.  */
| #include <sys/types.h>
| 		#include <sys/param.h>
| 
| int
| main ()
| {
| #if BYTE_ORDER != BIG_ENDIAN
| 		 not big endian
| 		#endif
| 
|   ;
|   return 0;
| }
configure:14525: result: no
configure:14550: Using static precomputation: yes
configure:14552: Using assembly optimizations: no
configure:14554: Using field implementation: 32bit
configure:14556: Using bignum implementation: no
configure:14558: Using scalar implementation: 32bit
configure:14560: Using endomorphism optimizations: no
configure:14562: Building benchmarks: yes
configure:14564: Building for coverage analysis: no
configure:14566: Building ECDH module: yes
configure:14568: Building ECDSA pubkey recovery module: yes
configure:14570: Using jni: no
configure:14574: ******
configure:14576: WARNING: experimental build
configure:14578: Experimental features do not have stable APIs or properties, and may not be safe for production use.
configure:14580: Building ECDH module: yes
configure:14582: ******
configure:14796: checking that generated files are newer than configure
configure:14802: result: done
configure:14874: creating ./config.status

## ---------------------- ##
## Running config.status. ##
## ---------------------- ##

This file was extended by libsecp256k1 config.status 0.1, which was
generated by GNU Autoconf 2.69.  Invocation command line was

  CONFIG_FILES    = 
  CONFIG_HEADERS  = 
  CONFIG_LINKS    = 
  CONFIG_COMMANDS = 
  $ ./config.status 

on mint-pc

config.status:1149: creating Makefile
config.status:1149: creating libsecp256k1.pc
config.status:1149: creating src/libsecp256k1-config.h
config.status:1378: executing depfiles commands
config.status:1378: executing libtool commands

## ---------------- ##
## Cache variables. ##
## ---------------- ##

ac_cv_build=x86_64-unknown-linux-gnu
ac_cv_build_prog_CPP='gcc -E'
ac_cv_build_prog_cc_g=yes
ac_cv_c_bigendian=no
ac_cv_c_compiler_gnu=yes
ac_cv_env_CCASFLAGS_set=
ac_cv_env_CCASFLAGS_value=
ac_cv_env_CCAS_set=
ac_cv_env_CCAS_value=
ac_cv_env_CC_set=
ac_cv_env_CC_value=
ac_cv_env_CFLAGS_set=
ac_cv_env_CFLAGS_value=
ac_cv_env_CPPFLAGS_set=set
ac_cv_env_CPPFLAGS_value=-I/usr/local/db4.8/include/
ac_cv_env_CPP_set=
ac_cv_env_CPP_value=
ac_cv_env_CRYPTO_CFLAGS_set=
ac_cv_env_CRYPTO_CFLAGS_value=
ac_cv_env_CRYPTO_LIBS_set=
ac_cv_env_CRYPTO_LIBS_value=
ac_cv_env_LDFLAGS_set=set
ac_cv_env_LDFLAGS_value=-L/usr/local/db4.8/lib/
ac_cv_env_LIBS_set=
ac_cv_env_LIBS_value=
ac_cv_env_PKG_CONFIG_LIBDIR_set=
ac_cv_env_PKG_CONFIG_LIBDIR_value=
ac_cv_env_PKG_CONFIG_PATH_set=
ac_cv_env_PKG_CONFIG_PATH_value=
ac_cv_env_PKG_CONFIG_set=
ac_cv_env_PKG_CONFIG_value=
ac_cv_env_build_alias_set=
ac_cv_env_build_alias_value=
ac_cv_env_host_alias_set=
ac_cv_env_host_alias_value=
ac_cv_env_target_alias_set=
ac_cv_env_target_alias_value=
ac_cv_exeext=.exe
ac_cv_header_dlfcn_h=no
ac_cv_header_inttypes_h=yes
ac_cv_header_memory_h=yes
ac_cv_header_stdc=yes
ac_cv_header_stdint_h=yes
ac_cv_header_stdlib_h=yes
ac_cv_header_string_h=yes
ac_cv_header_strings_h=yes
ac_cv_header_sys_stat_h=yes
ac_cv_header_sys_types_h=yes
ac_cv_header_unistd_h=yes
ac_cv_host=i686-w64-mingw32
ac_cv_objext=o
ac_cv_path_AR=/usr/bin/i686-w64-mingw32-ar
ac_cv_path_EGREP='/bin/grep -E'
ac_cv_path_FGREP='/bin/grep -F'
ac_cv_path_GREP=/bin/grep
ac_cv_path_PKG_CONFIG='/usr/bin/pkg-config --static'
ac_cv_path_RANLIB=/usr/bin/i686-w64-mingw32-ranlib
ac_cv_path_SED=/bin/sed
ac_cv_path_STRIP=/usr/bin/i686-w64-mingw32-strip
ac_cv_path_ac_pt_AR=i686-w64-mingw32-ar
ac_cv_path_ac_pt_NM=i686-w64-mingw32-nm
ac_cv_path_ac_pt_RANLIB=i686-w64-mingw32-ranlib
ac_cv_path_install='/usr/bin/install -c'
ac_cv_path_mkdir=/bin/mkdir
ac_cv_prog_AR=i686-w64-mingw32-ar
ac_cv_prog_AWK=gawk
ac_cv_prog_CC=i686-w64-mingw32-gcc
ac_cv_prog_CPP='i686-w64-mingw32-gcc -E'
ac_cv_prog_DLLTOOL=i686-w64-mingw32-dlltool
ac_cv_prog_OBJDUMP=i686-w64-mingw32-objdump
ac_cv_prog_RANLIB=i686-w64-mingw32-ranlib
ac_cv_prog_STRIP=i686-w64-mingw32-strip
ac_cv_prog_ac_ct_CC_FOR_BUILD=gcc
ac_cv_prog_ac_ct_MANIFEST_TOOL=mt
ac_cv_prog_cc_c89=
ac_cv_prog_cc_g=yes
ac_cv_prog_make_make_set=yes
ac_cv_type___int128=no
am_cv_CCAS_dependencies_compiler_type=gcc3
am_cv_CC_dependencies_compiler_type=gcc3
am_cv_make_support_nested_variables=yes
am_cv_prog_cc_c_o=yes
lt_cv_ar_at_file=@
lt_cv_deplibs_check_method='file_magic ^x86 archive import|^x86 DLL'
lt_cv_file_magic_cmd=func_win32_libid
lt_cv_file_magic_test_file=
lt_cv_ld_reload_flag=-r
lt_cv_nm_interface='BSD nm'
lt_cv_objdir=.libs
lt_cv_path_LD=/usr/bin/i686-w64-mingw32-ld
lt_cv_path_NM=i686-w64-mingw32-nm
lt_cv_path_mainfest_tool=no
lt_cv_prog_compiler_c_o=yes
lt_cv_prog_compiler_pic='-DDLL_EXPORT -DPIC'
lt_cv_prog_compiler_pic_works=yes
lt_cv_prog_compiler_rtti_exceptions=no
lt_cv_prog_compiler_static_works=yes
lt_cv_prog_gnu_ld=yes
lt_cv_sharedlib_from_linklib_cmd=func_cygming_dll_for_implib
lt_cv_sys_global_symbol_pipe='sed -n -e '\''s/^.*[	 ]\([ABCDGIRSTW][ABCDGIRSTW]*\)[	 ][	 ]*_\([_A-Za-z][_A-Za-z0-9]*\)$/\1 _\2 \2/p'\'' | sed '\''/ __gnu_lto/d'\'''
lt_cv_sys_global_symbol_to_c_name_address='sed -n -e '\''s/^: \([^ ]*\)[ ]*$/  {\"\1\", (void *) 0},/p'\'' -e '\''s/^[ABCDGIRSTW]* \([^ ]*\) \([^ ]*\)$/  {"\2", (void *) \&\2},/p'\'''
lt_cv_sys_global_symbol_to_c_name_address_lib_prefix='sed -n -e '\''s/^: \([^ ]*\)[ ]*$/  {\"\1\", (void *) 0},/p'\'' -e '\''s/^[ABCDGIRSTW]* \([^ ]*\) \(lib[^ ]*\)$/  {"\2", (void *) \&\2},/p'\'' -e '\''s/^[ABCDGIRSTW]* \([^ ]*\) \([^ ]*\)$/  {"lib\2", (void *) \&\2},/p'\'''
lt_cv_sys_global_symbol_to_cdecl='sed -n -e '\''s/^T .* \(.*\)$/extern int \1();/p'\'' -e '\''s/^[ABCDGIRSTW]* .* \(.*\)$/extern char \1;/p'\'''
lt_cv_sys_max_cmd_len=1572864
lt_cv_to_host_file_cmd=func_convert_file_nix_to_w32
lt_cv_to_tool_file_cmd=func_convert_file_noop

## ----------------- ##
## Output variables. ##
## ----------------- ##

ACLOCAL='${SHELL} /home/mint/workspace/longcoin/longcoin-src/src/secp256k1/build-aux/missing aclocal-1.14'
AMDEPBACKSLASH='\'
AMDEP_FALSE='#'
AMDEP_TRUE=''
AMTAR='$${TAR-tar}'
AM_BACKSLASH='\'
AM_DEFAULT_V='$(AM_DEFAULT_VERBOSITY)'
AM_DEFAULT_VERBOSITY='0'
AM_V='$(V)'
AR='/usr/bin/i686-w64-mingw32-ar'
AUTOCONF='${SHELL} /home/mint/workspace/longcoin/longcoin-src/src/secp256k1/build-aux/missing autoconf'
AUTOHEADER='${SHELL} /home/mint/workspace/longcoin/longcoin-src/src/secp256k1/build-aux/missing autoheader'
AUTOMAKE='${SHELL} /home/mint/workspace/longcoin/longcoin-src/src/secp256k1/build-aux/missing automake-1.14'
AWK='gawk'
BREW=''
BUILD_EXEEXT=''
BUILD_OBJEXT=''
CC='i686-w64-mingw32-gcc'
CCAS='i686-w64-mingw32-gcc'
CCASDEPMODE='depmode=gcc3'
CCASFLAGS='-pipe -O2 '
CCDEPMODE='depmode=gcc3'
CC_FOR_BUILD='gcc'
CFLAGS='-pipe -O2  -W -std=c89 -pedantic -Wall -Wextra -Wcast-align -Wnested-externs -Wshadow -Wstrict-prototypes -Wno-unused-function -Wno-long-long -Wno-overlength-strings -fvisibility=hidden -O3'
CFLAGS_FOR_BUILD='-g -O2'
CPP='i686-w64-mingw32-gcc -E'
CPPFLAGS='-I/home/mint/workspace/longcoin/longcoin-src/depends/i686-w64-mingw32/include/ -I/usr/local/db4.8/include/'
CPPFLAGS_FOR_BUILD=''
CPP_FOR_BUILD='gcc -E'
CRYPTO_CFLAGS=''
CRYPTO_LIBS=''
CYGPATH_W='echo'
DEFS='-DHAVE_CONFIG_H'
DEPDIR='.deps'
DLLTOOL='i686-w64-mingw32-dlltool'
DSYMUTIL=''
DUMPBIN=''
ECHO_C=''
ECHO_N='-n'
ECHO_T=''
EGREP='/bin/grep -E'
ENABLE_COVERAGE_FALSE=''
ENABLE_COVERAGE_TRUE='#'
ENABLE_MODULE_ECDH_FALSE='#'
ENABLE_MODULE_ECDH_TRUE=''
ENABLE_MODULE_RECOVERY_FALSE='#'
ENABLE_MODULE_RECOVERY_TRUE=''
EXEEXT='.exe'
FGREP='/bin/grep -F'
GREP='/bin/grep'
INSTALL_DATA='${INSTALL} -m 644'
INSTALL_PROGRAM='${INSTALL}'
INSTALL_SCRIPT='${INSTALL}'
INSTALL_STRIP_PROGRAM='$(install_sh) -c -s'
JNI_INCLUDES=''
LD='/usr/bin/i686-w64-mingw32-ld'
LDFLAGS='-L/home/mint/workspace/longcoin/longcoin-src/depends/i686-w64-mingw32/lib -L/usr/local/db4.8/lib/'
LDFLAGS_FOR_BUILD=''
LIBOBJS=''
LIBS=''
LIBTOOL='$(SHELL) $(top_builddir)/libtool'
LIPO=''
LN_S='ln -s'
LTLIBOBJS=''
MAKEINFO='${SHELL} /home/mint/workspace/longcoin/longcoin-src/src/secp256k1/build-aux/missing makeinfo'
MANIFEST_TOOL=':'
MKDIR_P='/bin/mkdir -p'
NM='i686-w64-mingw32-nm'
NMEDIT=''
OBJDUMP='i686-w64-mingw32-objdump'
OBJEXT='o'
OTOOL64=''
OTOOL=''
PACKAGE='libsecp256k1'
PACKAGE_BUGREPORT=''
PACKAGE_NAME='libsecp256k1'
PACKAGE_STRING='libsecp256k1 0.1'
PACKAGE_TARNAME='libsecp256k1'
PACKAGE_URL=''
PACKAGE_VERSION='0.1'
PATH_SEPARATOR=':'
PKG_CONFIG='/usr/bin/pkg-config --static'
PKG_CONFIG_LIBDIR='/home/mint/workspace/longcoin/longcoin-src/depends/i686-w64-mingw32/lib/pkgconfig'
PKG_CONFIG_PATH='/home/mint/workspace/longcoin/longcoin-src/depends/i686-w64-mingw32/share/pkgconfig'
PORT=''
RANLIB='/usr/bin/i686-w64-mingw32-ranlib'
SECP_INCLUDES=''
SECP_LIBS=''
SECP_TEST_INCLUDES=''
SECP_TEST_LIBS=''
SED='/bin/sed'
SET_MAKE=''
SHELL='/bin/bash'
STRIP='/usr/bin/i686-w64-mingw32-strip'
USE_ASM_ARM_FALSE=''
USE_ASM_ARM_TRUE='#'
USE_BENCHMARK_FALSE='#'
USE_BENCHMARK_TRUE=''
USE_ECMULT_STATIC_PRECOMPUTATION_FALSE='#'
USE_ECMULT_STATIC_PRECOMPUTATION_TRUE=''
USE_EXHAUSTIVE_TESTS_FALSE='#'
USE_EXHAUSTIVE_TESTS_TRUE=''
USE_EXTERNAL_ASM_FALSE=''
USE_EXTERNAL_ASM_TRUE='#'
USE_JNI_FALSE=''
USE_JNI_TRUE='#'
USE_TESTS_FALSE=''
USE_TESTS_TRUE='#'
VERSION='0.1'
_ACJNI_JAVAC=''
ac_ct_AR=''
ac_ct_CC=''
ac_ct_CC_FOR_BUILD='gcc'
ac_ct_DUMPBIN=''
am__EXEEXT_FALSE='#'
am__EXEEXT_TRUE=''
am__fastdepCCAS_FALSE='#'
am__fastdepCCAS_TRUE=''
am__fastdepCC_FALSE='#'
am__fastdepCC_TRUE=''
am__include='include'
am__isrc=''
am__leading_dot='.'
am__nodep='_no'
am__quote=''
am__tar='$${TAR-tar} chof - "$$tardir"'
am__untar='$${TAR-tar} xf -'
bindir='${exec_prefix}/bin'
build='x86_64-unknown-linux-gnu'
build_alias=''
build_cpu='x86_64'
build_os='linux-gnu'
build_vendor='unknown'
datadir='${datarootdir}'
datarootdir='${prefix}/share'
docdir='${datarootdir}/doc/${PACKAGE_TARNAME}'
dvidir='${docdir}'
exec_prefix='${prefix}'
host='i686-w64-mingw32'
host_alias='i686-w64-mingw32'
host_cpu='i686'
host_os='mingw32'
host_vendor='w64'
htmldir='${docdir}'
includedir='${prefix}/include'
infodir='${datarootdir}/info'
install_sh='${SHELL} /home/mint/workspace/longcoin/longcoin-src/src/secp256k1/build-aux/install-sh'
libdir='${exec_prefix}/lib'
libexecdir='${exec_prefix}/libexec'
localedir='${datarootdir}/locale'
localstatedir='${prefix}/var'
mandir='${datarootdir}/man'
mkdir_p='$(MKDIR_P)'
oldincludedir='/usr/include'
pdfdir='${docdir}'
prefix='/home/mint/workspace/longcoin/longcoin-src/depends/i686-w64-mingw32'
program_transform_name='s,x,x,'
psdir='${docdir}'
sbindir='${exec_prefix}/sbin'
sharedstatedir='${prefix}/com'
sysconfdir='${prefix}/etc'
target_alias=''

## ----------- ##
## confdefs.h. ##
## ----------- ##

/* confdefs.h */
#define PACKAGE_NAME "libsecp256k1"
#define PACKAGE_TARNAME "libsecp256k1"
#define PACKAGE_VERSION "0.1"
#define PACKAGE_STRING "libsecp256k1 0.1"
#define PACKAGE_BUGREPORT ""
#define PACKAGE_URL ""
#define PACKAGE "libsecp256k1"
#define VERSION "0.1"
#define STDC_HEADERS 1
#define HAVE_SYS_TYPES_H 1
#define HAVE_SYS_STAT_H 1
#define HAVE_STDLIB_H 1
#define HAVE_STRING_H 1
#define HAVE_MEMORY_H 1
#define HAVE_STRINGS_H 1
#define HAVE_INTTYPES_H 1
#define HAVE_STDINT_H 1
#define HAVE_UNISTD_H 1
#define LT_OBJDIR ".libs/"
#define HAVE_BUILTIN_EXPECT 1
#define USE_FIELD_10X26 1
#define USE_NUM_NONE 1
#define USE_FIELD_INV_BUILTIN 1
#define USE_SCALAR_INV_BUILTIN 1
#define USE_SCALAR_8X32 1
#define USE_ECMULT_STATIC_PRECOMPUTATION 1
#define ENABLE_MODULE_ECDH 1
#define ENABLE_MODULE_RECOVERY 1

configure: exit 0
